2026-01-14 18:21:21 - ModelMonitor - INFO - Generating Model Health Report...
2026-01-14 18:21:21 - ModelMonitor - INFO - Running drift analysis with categorical-focused mapping...
2026-01-14 18:25:07 - ModelMonitor - INFO - Generating Model Health Report...
2026-01-14 18:25:07 - ModelMonitor - INFO - Running drift analysis with categorical-focused mapping...
2026-01-14 18:31:25 - FeatureEngineer - INFO - Starting Feature Engineering on joined data...
2026-01-14 18:31:25 - FeatureEngineer - INFO - Feature engineering complete. Columns: ['building_id', 'meter', 'site_id', 'primary_use', 'square_feet', 'air_temperature', 'cloud_coverage', 'dew_temperature', 'precip_depth_1_hr', 'sea_level_pressure', 'wind_direction', 'wind_speed', 'day', 'month', 'week', 'hour', 'is_weekend', 'timestamp']
2026-01-14 18:31:30 - FeatureEngineer - INFO - Starting Feature Engineering on joined data...
2026-01-14 18:31:30 - FeatureEngineer - INFO - Feature engineering complete. Columns: ['building_id', 'meter', 'site_id', 'primary_use', 'square_feet', 'air_temperature', 'cloud_coverage', 'dew_temperature', 'precip_depth_1_hr', 'sea_level_pressure', 'wind_direction', 'wind_speed', 'day', 'month', 'week', 'hour', 'is_weekend', 'timestamp']
2026-01-14 18:31:37 - FeatureEngineer - INFO - Starting Feature Engineering on joined data...
2026-01-14 18:31:37 - FeatureEngineer - INFO - Feature engineering complete. Columns: ['building_id', 'meter', 'site_id', 'primary_use', 'square_feet', 'air_temperature', 'cloud_coverage', 'dew_temperature', 'precip_depth_1_hr', 'sea_level_pressure', 'wind_direction', 'wind_speed', 'day', 'month', 'week', 'hour', 'is_weekend', 'timestamp']
2026-01-14 18:31:40 - FeatureEngineer - INFO - Starting Feature Engineering on joined data...
2026-01-14 18:31:40 - FeatureEngineer - INFO - Feature engineering complete. Columns: ['building_id', 'meter', 'site_id', 'primary_use', 'square_feet', 'air_temperature', 'cloud_coverage', 'dew_temperature', 'precip_depth_1_hr', 'sea_level_pressure', 'wind_direction', 'wind_speed', 'day', 'month', 'week', 'hour', 'is_weekend', 'timestamp']
2026-01-14 18:31:43 - FeatureEngineer - INFO - Starting Feature Engineering on joined data...
2026-01-14 18:31:43 - FeatureEngineer - INFO - Feature engineering complete. Columns: ['building_id', 'meter', 'site_id', 'primary_use', 'square_feet', 'air_temperature', 'cloud_coverage', 'dew_temperature', 'precip_depth_1_hr', 'sea_level_pressure', 'wind_direction', 'wind_speed', 'day', 'month', 'week', 'hour', 'is_weekend', 'timestamp']
2026-01-14 18:31:46 - FeatureEngineer - INFO - Starting Feature Engineering on joined data...
2026-01-14 18:31:46 - FeatureEngineer - INFO - Feature engineering complete. Columns: ['building_id', 'meter', 'site_id', 'primary_use', 'square_feet', 'air_temperature', 'cloud_coverage', 'dew_temperature', 'precip_depth_1_hr', 'sea_level_pressure', 'wind_direction', 'wind_speed', 'day', 'month', 'week', 'hour', 'is_weekend', 'timestamp']
2026-01-14 18:31:50 - FeatureEngineer - INFO - Starting Feature Engineering on joined data...
2026-01-14 18:31:50 - FeatureEngineer - INFO - Feature engineering complete. Columns: ['building_id', 'meter', 'site_id', 'primary_use', 'square_feet', 'air_temperature', 'cloud_coverage', 'dew_temperature', 'precip_depth_1_hr', 'sea_level_pressure', 'wind_direction', 'wind_speed', 'day', 'month', 'week', 'hour', 'is_weekend', 'timestamp']
2026-01-14 18:31:53 - FeatureEngineer - INFO - Starting Feature Engineering on joined data...
2026-01-14 18:31:53 - FeatureEngineer - INFO - Feature engineering complete. Columns: ['building_id', 'meter', 'site_id', 'primary_use', 'square_feet', 'air_temperature', 'cloud_coverage', 'dew_temperature', 'precip_depth_1_hr', 'sea_level_pressure', 'wind_direction', 'wind_speed', 'day', 'month', 'week', 'hour', 'is_weekend', 'timestamp']
2026-01-14 18:32:02 - FeatureEngineer - INFO - Starting Feature Engineering on joined data...
2026-01-14 18:32:02 - FeatureEngineer - INFO - Feature engineering complete. Columns: ['building_id', 'meter', 'site_id', 'primary_use', 'square_feet', 'air_temperature', 'cloud_coverage', 'dew_temperature', 'precip_depth_1_hr', 'sea_level_pressure', 'wind_direction', 'wind_speed', 'day', 'month', 'week', 'hour', 'is_weekend', 'timestamp']
2026-01-14 18:32:05 - ModelMonitor - INFO - Generating Model Health Report...
2026-01-14 18:32:05 - ModelMonitor - INFO - Running drift analysis with categorical-focused mapping...
2026-01-14 18:36:25 - FeatureEngineer - INFO - Starting Feature Engineering on joined data...
2026-01-14 18:36:25 - FeatureEngineer - INFO - Feature engineering complete. Columns: ['building_id', 'meter', 'site_id', 'primary_use', 'square_feet', 'air_temperature', 'cloud_coverage', 'dew_temperature', 'precip_depth_1_hr', 'sea_level_pressure', 'wind_direction', 'wind_speed', 'day', 'month', 'week', 'hour', 'is_weekend', 'timestamp']
2026-01-14 18:36:27 - ModelMonitor - INFO - Generating Model Health Report...
2026-01-14 18:36:27 - ModelMonitor - INFO - Running drift analysis with categorical-focused mapping...
2026-01-14 18:36:27 - ModelMonitor - ERROR - Failed to generate monitoring report: Column (meter_reading) is partially present in data
Traceback (most recent call last):
  File "/home/bishesh/ASHRAE-MLOPS/src/monitoring/monitor.py", line 87, in generate_html_report
    report.run(
  File "/home/bishesh/miniconda3/envs/demo/lib/python3.11/site-packages/evidently/report/report.py", line 96, in run
    data_definition = self._inner_suite.context.engine.get_data_definition(
                      ^^^^^^^^^^^^^^^^^^^^^^^^^^^^^^^^^^^^^^^^^^^^^^^^^^^^^
  File "/home/bishesh/miniconda3/envs/demo/lib/python3.11/site-packages/evidently/calculation_engine/python_engine.py", line 45, in get_data_definition
    return create_data_definition(reference_data, current_data, column_mapping)
           ^^^^^^^^^^^^^^^^^^^^^^^^^^^^^^^^^^^^^^^^^^^^^^^^^^^^^^^^^^^^^^^^^^^^
  File "/home/bishesh/miniconda3/envs/demo/lib/python3.11/site-packages/evidently/utils/data_preprocessing.py", line 306, in create_data_definition
    target_column = _process_column(
                    ^^^^^^^^^^^^^^^^
  File "/home/bishesh/miniconda3/envs/demo/lib/python3.11/site-packages/evidently/utils/data_preprocessing.py", line 176, in _process_column
    raise ValueError(f"Column ({column_name}) is partially present in data")
ValueError: Column (meter_reading) is partially present in data
2026-01-14 18:37:15 - FeatureEngineer - INFO - Starting Feature Engineering on joined data...
2026-01-14 18:37:15 - FeatureEngineer - INFO - Feature engineering complete. Columns: ['building_id', 'meter', 'site_id', 'primary_use', 'square_feet', 'air_temperature', 'cloud_coverage', 'dew_temperature', 'precip_depth_1_hr', 'sea_level_pressure', 'wind_direction', 'wind_speed', 'day', 'month', 'week', 'hour', 'is_weekend', 'timestamp']
2026-01-14 18:37:16 - ModelMonitor - INFO - Generating Model Health Report...
2026-01-14 18:37:16 - ModelMonitor - INFO - Running drift analysis with categorical-focused mapping...
2026-01-14 18:37:16 - ModelMonitor - ERROR - Failed to generate monitoring report: Column (meter_reading) is partially present in data
Traceback (most recent call last):
  File "/home/bishesh/ASHRAE-MLOPS/src/monitoring/monitor.py", line 86, in generate_html_report
    report.run(
  File "/home/bishesh/miniconda3/envs/demo/lib/python3.11/site-packages/evidently/report/report.py", line 96, in run
    data_definition = self._inner_suite.context.engine.get_data_definition(
                      ^^^^^^^^^^^^^^^^^^^^^^^^^^^^^^^^^^^^^^^^^^^^^^^^^^^^^
  File "/home/bishesh/miniconda3/envs/demo/lib/python3.11/site-packages/evidently/calculation_engine/python_engine.py", line 45, in get_data_definition
    return create_data_definition(reference_data, current_data, column_mapping)
           ^^^^^^^^^^^^^^^^^^^^^^^^^^^^^^^^^^^^^^^^^^^^^^^^^^^^^^^^^^^^^^^^^^^^
  File "/home/bishesh/miniconda3/envs/demo/lib/python3.11/site-packages/evidently/utils/data_preprocessing.py", line 306, in create_data_definition
    target_column = _process_column(
                    ^^^^^^^^^^^^^^^^
  File "/home/bishesh/miniconda3/envs/demo/lib/python3.11/site-packages/evidently/utils/data_preprocessing.py", line 176, in _process_column
    raise ValueError(f"Column ({column_name}) is partially present in data")
ValueError: Column (meter_reading) is partially present in data
2026-01-14 18:38:12 - FeatureEngineer - INFO - Starting Feature Engineering on joined data...
2026-01-14 18:38:12 - FeatureEngineer - INFO - Feature engineering complete. Columns: ['building_id', 'meter', 'site_id', 'primary_use', 'square_feet', 'air_temperature', 'cloud_coverage', 'dew_temperature', 'precip_depth_1_hr', 'sea_level_pressure', 'wind_direction', 'wind_speed', 'day', 'month', 'week', 'hour', 'is_weekend', 'timestamp']
2026-01-14 18:38:13 - ModelMonitor - INFO - Generating Model Health Report...
2026-01-14 18:38:13 - ModelMonitor - INFO - Running drift analysis with categorical-focused mapping...
2026-01-14 18:39:48 - FeatureEngineer - INFO - Starting Feature Engineering on joined data...
2026-01-14 18:39:48 - FeatureEngineer - INFO - Feature engineering complete. Columns: ['building_id', 'meter', 'site_id', 'primary_use', 'square_feet', 'air_temperature', 'cloud_coverage', 'dew_temperature', 'precip_depth_1_hr', 'sea_level_pressure', 'wind_direction', 'wind_speed', 'day', 'month', 'week', 'hour', 'is_weekend', 'timestamp']
2026-01-14 18:39:49 - ModelMonitor - INFO - Generating Model Health Report...
2026-01-14 18:39:49 - ModelMonitor - INFO - Running drift analysis with categorical-focused mapping...
2026-01-14 18:39:49 - ModelMonitor - ERROR - Failed to generate monitoring report: Column (meter_reading) is partially present in data
Traceback (most recent call last):
  File "/home/bishesh/ASHRAE-MLOPS/src/monitoring/monitor.py", line 88, in generate_html_report
    report.run(
  File "/home/bishesh/miniconda3/envs/demo/lib/python3.11/site-packages/evidently/report/report.py", line 96, in run
    data_definition = self._inner_suite.context.engine.get_data_definition(
                      ^^^^^^^^^^^^^^^^^^^^^^^^^^^^^^^^^^^^^^^^^^^^^^^^^^^^^
  File "/home/bishesh/miniconda3/envs/demo/lib/python3.11/site-packages/evidently/calculation_engine/python_engine.py", line 45, in get_data_definition
    return create_data_definition(reference_data, current_data, column_mapping)
           ^^^^^^^^^^^^^^^^^^^^^^^^^^^^^^^^^^^^^^^^^^^^^^^^^^^^^^^^^^^^^^^^^^^^
  File "/home/bishesh/miniconda3/envs/demo/lib/python3.11/site-packages/evidently/utils/data_preprocessing.py", line 306, in create_data_definition
    target_column = _process_column(
                    ^^^^^^^^^^^^^^^^
  File "/home/bishesh/miniconda3/envs/demo/lib/python3.11/site-packages/evidently/utils/data_preprocessing.py", line 176, in _process_column
    raise ValueError(f"Column ({column_name}) is partially present in data")
ValueError: Column (meter_reading) is partially present in data
2026-01-14 18:40:14 - ModelMonitor - INFO - Generating Model Health Report...
2026-01-14 18:40:14 - ModelMonitor - INFO - Running drift analysis with categorical-focused mapping...
2026-01-14 18:40:14 - ModelMonitor - ERROR - Failed to generate monitoring report: Column (predicted_value) is partially present in data
Traceback (most recent call last):
  File "/home/bishesh/ASHRAE-MLOPS/src/monitoring/monitor.py", line 88, in generate_html_report
    report.run(
  File "/home/bishesh/miniconda3/envs/demo/lib/python3.11/site-packages/evidently/report/report.py", line 96, in run
    data_definition = self._inner_suite.context.engine.get_data_definition(
                      ^^^^^^^^^^^^^^^^^^^^^^^^^^^^^^^^^^^^^^^^^^^^^^^^^^^^^
  File "/home/bishesh/miniconda3/envs/demo/lib/python3.11/site-packages/evidently/calculation_engine/python_engine.py", line 45, in get_data_definition
    return create_data_definition(reference_data, current_data, column_mapping)
           ^^^^^^^^^^^^^^^^^^^^^^^^^^^^^^^^^^^^^^^^^^^^^^^^^^^^^^^^^^^^^^^^^^^^
  File "/home/bishesh/miniconda3/envs/demo/lib/python3.11/site-packages/evidently/utils/data_preprocessing.py", line 306, in create_data_definition
    target_column = _process_column(
                    ^^^^^^^^^^^^^^^^
  File "/home/bishesh/miniconda3/envs/demo/lib/python3.11/site-packages/evidently/utils/data_preprocessing.py", line 176, in _process_column
    raise ValueError(f"Column ({column_name}) is partially present in data")
ValueError: Column (predicted_value) is partially present in data
2026-01-14 18:40:22 - FeatureEngineer - INFO - Starting Feature Engineering on joined data...
2026-01-14 18:40:22 - FeatureEngineer - INFO - Feature engineering complete. Columns: ['building_id', 'meter', 'site_id', 'primary_use', 'square_feet', 'air_temperature', 'cloud_coverage', 'dew_temperature', 'precip_depth_1_hr', 'sea_level_pressure', 'wind_direction', 'wind_speed', 'day', 'month', 'week', 'hour', 'is_weekend', 'timestamp']
2026-01-14 18:40:22 - ModelMonitor - INFO - Generating Model Health Report...
2026-01-14 18:40:22 - ModelMonitor - INFO - Running drift analysis with categorical-focused mapping...
2026-01-14 18:40:22 - ModelMonitor - ERROR - Failed to generate monitoring report: Column (predicted_value) is partially present in data
Traceback (most recent call last):
  File "/home/bishesh/ASHRAE-MLOPS/src/monitoring/monitor.py", line 88, in generate_html_report
    report.run(
  File "/home/bishesh/miniconda3/envs/demo/lib/python3.11/site-packages/evidently/report/report.py", line 96, in run
    data_definition = self._inner_suite.context.engine.get_data_definition(
                      ^^^^^^^^^^^^^^^^^^^^^^^^^^^^^^^^^^^^^^^^^^^^^^^^^^^^^
  File "/home/bishesh/miniconda3/envs/demo/lib/python3.11/site-packages/evidently/calculation_engine/python_engine.py", line 45, in get_data_definition
    return create_data_definition(reference_data, current_data, column_mapping)
           ^^^^^^^^^^^^^^^^^^^^^^^^^^^^^^^^^^^^^^^^^^^^^^^^^^^^^^^^^^^^^^^^^^^^
  File "/home/bishesh/miniconda3/envs/demo/lib/python3.11/site-packages/evidently/utils/data_preprocessing.py", line 306, in create_data_definition
    target_column = _process_column(
                    ^^^^^^^^^^^^^^^^
  File "/home/bishesh/miniconda3/envs/demo/lib/python3.11/site-packages/evidently/utils/data_preprocessing.py", line 176, in _process_column
    raise ValueError(f"Column ({column_name}) is partially present in data")
ValueError: Column (predicted_value) is partially present in data
2026-01-14 18:41:33 - FeatureEngineer - INFO - Starting Feature Engineering on joined data...
2026-01-14 18:41:33 - FeatureEngineer - INFO - Feature engineering complete. Columns: ['building_id', 'meter', 'site_id', 'primary_use', 'square_feet', 'air_temperature', 'cloud_coverage', 'dew_temperature', 'precip_depth_1_hr', 'sea_level_pressure', 'wind_direction', 'wind_speed', 'day', 'month', 'week', 'hour', 'is_weekend', 'timestamp']
2026-01-14 18:41:38 - FeatureEngineer - INFO - Starting Feature Engineering on joined data...
2026-01-14 18:41:38 - FeatureEngineer - INFO - Feature engineering complete. Columns: ['building_id', 'meter', 'site_id', 'primary_use', 'square_feet', 'air_temperature', 'cloud_coverage', 'dew_temperature', 'precip_depth_1_hr', 'sea_level_pressure', 'wind_direction', 'wind_speed', 'day', 'month', 'week', 'hour', 'is_weekend', 'timestamp']
2026-01-14 18:41:43 - FeatureEngineer - INFO - Starting Feature Engineering on joined data...
2026-01-14 18:41:43 - FeatureEngineer - INFO - Feature engineering complete. Columns: ['building_id', 'meter', 'site_id', 'primary_use', 'square_feet', 'air_temperature', 'cloud_coverage', 'dew_temperature', 'precip_depth_1_hr', 'sea_level_pressure', 'wind_direction', 'wind_speed', 'day', 'month', 'week', 'hour', 'is_weekend', 'timestamp']
2026-01-14 18:41:47 - FeatureEngineer - INFO - Starting Feature Engineering on joined data...
2026-01-14 18:41:47 - FeatureEngineer - INFO - Feature engineering complete. Columns: ['building_id', 'meter', 'site_id', 'primary_use', 'square_feet', 'air_temperature', 'cloud_coverage', 'dew_temperature', 'precip_depth_1_hr', 'sea_level_pressure', 'wind_direction', 'wind_speed', 'day', 'month', 'week', 'hour', 'is_weekend', 'timestamp']
2026-01-14 18:41:52 - FeatureEngineer - INFO - Starting Feature Engineering on joined data...
2026-01-14 18:41:52 - FeatureEngineer - INFO - Feature engineering complete. Columns: ['building_id', 'meter', 'site_id', 'primary_use', 'square_feet', 'air_temperature', 'cloud_coverage', 'dew_temperature', 'precip_depth_1_hr', 'sea_level_pressure', 'wind_direction', 'wind_speed', 'day', 'month', 'week', 'hour', 'is_weekend', 'timestamp']
2026-01-14 18:41:55 - FeatureEngineer - INFO - Starting Feature Engineering on joined data...
2026-01-14 18:41:55 - FeatureEngineer - INFO - Feature engineering complete. Columns: ['building_id', 'meter', 'site_id', 'primary_use', 'square_feet', 'air_temperature', 'cloud_coverage', 'dew_temperature', 'precip_depth_1_hr', 'sea_level_pressure', 'wind_direction', 'wind_speed', 'day', 'month', 'week', 'hour', 'is_weekend', 'timestamp']
2026-01-14 18:41:59 - ModelMonitor - INFO - Generating Model Health Report...
2026-01-14 18:41:59 - ModelMonitor - INFO - Running drift analysis with categorical-focused mapping...
2026-01-14 18:43:25 - FeatureEngineer - INFO - Starting Feature Engineering on joined data...
2026-01-14 18:43:25 - FeatureEngineer - INFO - Feature engineering complete. Columns: ['building_id', 'meter', 'site_id', 'primary_use', 'square_feet', 'air_temperature', 'cloud_coverage', 'dew_temperature', 'precip_depth_1_hr', 'sea_level_pressure', 'wind_direction', 'wind_speed', 'day', 'month', 'week', 'hour', 'is_weekend', 'timestamp']
2026-01-14 18:43:26 - ModelMonitor - INFO - Generating Model Health Report...
2026-01-14 18:43:26 - ModelMonitor - WARNING - Dropping constant columns: ['month', 'is_weekend']
2026-01-14 18:43:26 - ModelMonitor - ERROR - Failed to generate monitoring report: Column (meter_reading) is partially present in data
Traceback (most recent call last):
  File "/home/bishesh/ASHRAE-MLOPS/src/monitoring/monitor.py", line 82, in generate_html_report
    report.run(
  File "/home/bishesh/miniconda3/envs/demo/lib/python3.11/site-packages/evidently/report/report.py", line 96, in run
    data_definition = self._inner_suite.context.engine.get_data_definition(
                      ^^^^^^^^^^^^^^^^^^^^^^^^^^^^^^^^^^^^^^^^^^^^^^^^^^^^^
  File "/home/bishesh/miniconda3/envs/demo/lib/python3.11/site-packages/evidently/calculation_engine/python_engine.py", line 45, in get_data_definition
    return create_data_definition(reference_data, current_data, column_mapping)
           ^^^^^^^^^^^^^^^^^^^^^^^^^^^^^^^^^^^^^^^^^^^^^^^^^^^^^^^^^^^^^^^^^^^^
  File "/home/bishesh/miniconda3/envs/demo/lib/python3.11/site-packages/evidently/utils/data_preprocessing.py", line 306, in create_data_definition
    target_column = _process_column(
                    ^^^^^^^^^^^^^^^^
  File "/home/bishesh/miniconda3/envs/demo/lib/python3.11/site-packages/evidently/utils/data_preprocessing.py", line 176, in _process_column
    raise ValueError(f"Column ({column_name}) is partially present in data")
ValueError: Column (meter_reading) is partially present in data
2026-01-14 18:45:35 - FeatureEngineer - INFO - Starting Feature Engineering on joined data...
2026-01-14 18:45:35 - FeatureEngineer - INFO - Feature engineering complete. Columns: ['building_id', 'meter', 'site_id', 'primary_use', 'square_feet', 'air_temperature', 'cloud_coverage', 'dew_temperature', 'precip_depth_1_hr', 'sea_level_pressure', 'wind_direction', 'wind_speed', 'day', 'month', 'week', 'hour', 'is_weekend', 'timestamp']
2026-01-14 18:45:41 - ModelMonitor - INFO - Generating Model Health Report...
2026-01-14 18:45:41 - ModelMonitor - INFO - Running report. Features: 8 num, 6 cat
2026-01-14 18:48:11 - FeatureEngineer - INFO - Starting Feature Engineering on joined data...
2026-01-14 18:48:11 - FeatureEngineer - INFO - Feature engineering complete. Columns: ['building_id', 'meter', 'site_id', 'primary_use', 'square_feet', 'air_temperature', 'cloud_coverage', 'dew_temperature', 'precip_depth_1_hr', 'sea_level_pressure', 'wind_direction', 'wind_speed', 'day', 'month', 'week', 'hour', 'is_weekend', 'timestamp']
2026-01-14 18:48:13 - ModelMonitor - INFO - Generating Model Health Report...
2026-01-14 18:48:13 - ModelMonitor - INFO - Running report. Features: 8 num, 6 cat
2026-01-14 18:56:18 - FeatureEngineer - INFO - Starting Feature Engineering on joined data...
2026-01-14 18:56:18 - FeatureEngineer - INFO - Feature engineering complete. Columns: ['building_id', 'meter', 'site_id', 'primary_use', 'square_feet', 'air_temperature', 'cloud_coverage', 'dew_temperature', 'precip_depth_1_hr', 'sea_level_pressure', 'wind_direction', 'wind_speed', 'day', 'month', 'week', 'hour', 'is_weekend', 'timestamp']
2026-01-14 18:56:19 - ModelMonitor - INFO - Generating Model Health Report...
2026-01-14 18:56:19 - ModelMonitor - INFO - Running report. Features: 8 num, 6 cat
2026-01-14 18:56:25 - ModelMonitor - INFO - Generating Model Health Report...
2026-01-14 18:56:25 - ModelMonitor - INFO - Running report. Features: 8 num, 6 cat
2026-01-14 18:58:14 - FeatureEngineer - INFO - Starting Feature Engineering on joined data...
2026-01-14 18:58:14 - FeatureEngineer - INFO - Feature engineering complete. Columns: ['building_id', 'meter', 'site_id', 'primary_use', 'square_feet', 'air_temperature', 'cloud_coverage', 'dew_temperature', 'precip_depth_1_hr', 'sea_level_pressure', 'wind_direction', 'wind_speed', 'day', 'month', 'week', 'hour', 'is_weekend', 'timestamp']
2026-01-14 18:58:16 - ModelMonitor - INFO - Generating Model Health Report...
2026-01-14 18:58:16 - ModelMonitor - INFO - Running drift analysis with categorical-focused mapping...
2026-01-14 18:58:36 - FeatureEngineer - INFO - Starting Feature Engineering on joined data...
2026-01-14 18:58:36 - FeatureEngineer - INFO - Feature engineering complete. Columns: ['building_id', 'meter', 'site_id', 'primary_use', 'square_feet', 'air_temperature', 'cloud_coverage', 'dew_temperature', 'precip_depth_1_hr', 'sea_level_pressure', 'wind_direction', 'wind_speed', 'day', 'month', 'week', 'hour', 'is_weekend', 'timestamp']
2026-01-14 18:58:43 - FeatureEngineer - INFO - Starting Feature Engineering on joined data...
2026-01-14 18:58:43 - FeatureEngineer - INFO - Feature engineering complete. Columns: ['building_id', 'meter', 'site_id', 'primary_use', 'square_feet', 'air_temperature', 'cloud_coverage', 'dew_temperature', 'precip_depth_1_hr', 'sea_level_pressure', 'wind_direction', 'wind_speed', 'day', 'month', 'week', 'hour', 'is_weekend', 'timestamp']
2026-01-14 18:58:46 - FeatureEngineer - INFO - Starting Feature Engineering on joined data...
2026-01-14 18:58:46 - FeatureEngineer - INFO - Feature engineering complete. Columns: ['building_id', 'meter', 'site_id', 'primary_use', 'square_feet', 'air_temperature', 'cloud_coverage', 'dew_temperature', 'precip_depth_1_hr', 'sea_level_pressure', 'wind_direction', 'wind_speed', 'day', 'month', 'week', 'hour', 'is_weekend', 'timestamp']
2026-01-14 18:58:48 - ModelMonitor - INFO - Generating Model Health Report...
2026-01-14 18:58:48 - ModelMonitor - INFO - Running drift analysis with categorical-focused mapping...
2026-01-14 18:59:09 - FeatureEngineer - INFO - Starting Feature Engineering on joined data...
2026-01-14 18:59:09 - FeatureEngineer - INFO - Feature engineering complete. Columns: ['building_id', 'meter', 'site_id', 'primary_use', 'square_feet', 'air_temperature', 'cloud_coverage', 'dew_temperature', 'precip_depth_1_hr', 'sea_level_pressure', 'wind_direction', 'wind_speed', 'day', 'month', 'week', 'hour', 'is_weekend', 'timestamp']
2026-01-14 18:59:12 - FeatureEngineer - INFO - Starting Feature Engineering on joined data...
2026-01-14 18:59:12 - FeatureEngineer - INFO - Feature engineering complete. Columns: ['building_id', 'meter', 'site_id', 'primary_use', 'square_feet', 'air_temperature', 'cloud_coverage', 'dew_temperature', 'precip_depth_1_hr', 'sea_level_pressure', 'wind_direction', 'wind_speed', 'day', 'month', 'week', 'hour', 'is_weekend', 'timestamp']
2026-01-14 18:59:13 - ModelMonitor - INFO - Generating Model Health Report...
2026-01-14 18:59:13 - ModelMonitor - INFO - Running drift analysis with categorical-focused mapping...
2026-01-14 19:05:58 - FeatureEngineer - INFO - Starting Feature Engineering on joined data...
2026-01-14 19:05:58 - FeatureEngineer - INFO - Feature engineering complete. Columns: ['building_id', 'meter', 'site_id', 'primary_use', 'square_feet', 'air_temperature', 'cloud_coverage', 'dew_temperature', 'precip_depth_1_hr', 'sea_level_pressure', 'wind_direction', 'wind_speed', 'day', 'month', 'week', 'hour', 'is_weekend', 'timestamp']
2026-01-14 19:06:00 - ModelMonitor - INFO - Generating Model Health Report...
2026-01-14 19:06:00 - ModelMonitor - INFO - Running drift analysis with categorical-focused mapping...
2026-01-14 19:06:00 - ModelMonitor - ERROR - Failed to generate monitoring report: Column (target_meter_reading) is partially present in data
Traceback (most recent call last):
  File "/home/bishesh/ASHRAE-MLOPS/src/monitoring/monitor.py", line 90, in generate_html_report
    report.run(
  File "/home/bishesh/miniconda3/envs/demo/lib/python3.11/site-packages/evidently/report/report.py", line 96, in run
    data_definition = self._inner_suite.context.engine.get_data_definition(
                      ^^^^^^^^^^^^^^^^^^^^^^^^^^^^^^^^^^^^^^^^^^^^^^^^^^^^^
  File "/home/bishesh/miniconda3/envs/demo/lib/python3.11/site-packages/evidently/calculation_engine/python_engine.py", line 45, in get_data_definition
    return create_data_definition(reference_data, current_data, column_mapping)
           ^^^^^^^^^^^^^^^^^^^^^^^^^^^^^^^^^^^^^^^^^^^^^^^^^^^^^^^^^^^^^^^^^^^^
  File "/home/bishesh/miniconda3/envs/demo/lib/python3.11/site-packages/evidently/utils/data_preprocessing.py", line 306, in create_data_definition
    target_column = _process_column(
                    ^^^^^^^^^^^^^^^^
  File "/home/bishesh/miniconda3/envs/demo/lib/python3.11/site-packages/evidently/utils/data_preprocessing.py", line 176, in _process_column
    raise ValueError(f"Column ({column_name}) is partially present in data")
ValueError: Column (target_meter_reading) is partially present in data
2026-01-14 19:07:12 - FeatureEngineer - INFO - Starting Feature Engineering on joined data...
2026-01-14 19:07:12 - FeatureEngineer - INFO - Feature engineering complete. Columns: ['building_id', 'meter', 'site_id', 'primary_use', 'square_feet', 'air_temperature', 'cloud_coverage', 'dew_temperature', 'precip_depth_1_hr', 'sea_level_pressure', 'wind_direction', 'wind_speed', 'day', 'month', 'week', 'hour', 'is_weekend', 'timestamp']
2026-01-14 19:07:13 - ModelMonitor - INFO - Generating Model Health Report...
2026-01-14 19:07:13 - ModelMonitor - INFO - Running drift analysis with categorical-focused mapping...
2026-01-14 19:07:13 - ModelMonitor - ERROR - Failed to generate monitoring report: Column (target_meter_reading) is partially present in data
Traceback (most recent call last):
  File "/home/bishesh/ASHRAE-MLOPS/src/monitoring/monitor.py", line 87, in generate_html_report
    report.run(
  File "/home/bishesh/miniconda3/envs/demo/lib/python3.11/site-packages/evidently/report/report.py", line 96, in run
    data_definition = self._inner_suite.context.engine.get_data_definition(
                      ^^^^^^^^^^^^^^^^^^^^^^^^^^^^^^^^^^^^^^^^^^^^^^^^^^^^^
  File "/home/bishesh/miniconda3/envs/demo/lib/python3.11/site-packages/evidently/calculation_engine/python_engine.py", line 45, in get_data_definition
    return create_data_definition(reference_data, current_data, column_mapping)
           ^^^^^^^^^^^^^^^^^^^^^^^^^^^^^^^^^^^^^^^^^^^^^^^^^^^^^^^^^^^^^^^^^^^^
  File "/home/bishesh/miniconda3/envs/demo/lib/python3.11/site-packages/evidently/utils/data_preprocessing.py", line 306, in create_data_definition
    target_column = _process_column(
                    ^^^^^^^^^^^^^^^^
  File "/home/bishesh/miniconda3/envs/demo/lib/python3.11/site-packages/evidently/utils/data_preprocessing.py", line 176, in _process_column
    raise ValueError(f"Column ({column_name}) is partially present in data")
ValueError: Column (target_meter_reading) is partially present in data
2026-01-14 19:09:18 - FeatureEngineer - INFO - Starting Feature Engineering on joined data...
2026-01-14 19:09:18 - FeatureEngineer - INFO - Feature engineering complete. Columns: ['building_id', 'meter', 'site_id', 'primary_use', 'square_feet', 'air_temperature', 'cloud_coverage', 'dew_temperature', 'precip_depth_1_hr', 'sea_level_pressure', 'wind_direction', 'wind_speed', 'day', 'month', 'week', 'hour', 'is_weekend', 'timestamp']
2026-01-14 19:09:24 - FeatureEngineer - INFO - Starting Feature Engineering on joined data...
2026-01-14 19:09:24 - FeatureEngineer - INFO - Feature engineering complete. Columns: ['building_id', 'meter', 'site_id', 'primary_use', 'square_feet', 'air_temperature', 'cloud_coverage', 'dew_temperature', 'precip_depth_1_hr', 'sea_level_pressure', 'wind_direction', 'wind_speed', 'day', 'month', 'week', 'hour', 'is_weekend', 'timestamp']
2026-01-14 19:09:29 - FeatureEngineer - INFO - Starting Feature Engineering on joined data...
2026-01-14 19:09:29 - FeatureEngineer - INFO - Feature engineering complete. Columns: ['building_id', 'meter', 'site_id', 'primary_use', 'square_feet', 'air_temperature', 'cloud_coverage', 'dew_temperature', 'precip_depth_1_hr', 'sea_level_pressure', 'wind_direction', 'wind_speed', 'day', 'month', 'week', 'hour', 'is_weekend', 'timestamp']
2026-01-14 19:09:30 - ModelMonitor - INFO - Generating Model Health Report...
2026-01-14 19:09:30 - ModelMonitor - INFO - Running drift analysis with categorical-focused mapping...
2026-01-14 19:09:30 - ModelMonitor - ERROR - Failed to generate monitoring report: Column (target_meter_reading) is partially present in data
Traceback (most recent call last):
  File "/home/bishesh/ASHRAE-MLOPS/src/monitoring/monitor.py", line 86, in generate_html_report
    report.run(
  File "/home/bishesh/miniconda3/envs/demo/lib/python3.11/site-packages/evidently/report/report.py", line 96, in run
    data_definition = self._inner_suite.context.engine.get_data_definition(
                      ^^^^^^^^^^^^^^^^^^^^^^^^^^^^^^^^^^^^^^^^^^^^^^^^^^^^^
  File "/home/bishesh/miniconda3/envs/demo/lib/python3.11/site-packages/evidently/calculation_engine/python_engine.py", line 45, in get_data_definition
    return create_data_definition(reference_data, current_data, column_mapping)
           ^^^^^^^^^^^^^^^^^^^^^^^^^^^^^^^^^^^^^^^^^^^^^^^^^^^^^^^^^^^^^^^^^^^^
  File "/home/bishesh/miniconda3/envs/demo/lib/python3.11/site-packages/evidently/utils/data_preprocessing.py", line 306, in create_data_definition
    target_column = _process_column(
                    ^^^^^^^^^^^^^^^^
  File "/home/bishesh/miniconda3/envs/demo/lib/python3.11/site-packages/evidently/utils/data_preprocessing.py", line 176, in _process_column
    raise ValueError(f"Column ({column_name}) is partially present in data")
ValueError: Column (target_meter_reading) is partially present in data
2026-01-14 19:09:54 - ModelMonitor - INFO - Generating Model Health Report...
2026-01-14 19:09:54 - ModelMonitor - INFO - Running drift analysis with categorical-focused mapping...
2026-01-14 19:09:54 - ModelMonitor - ERROR - Failed to generate monitoring report: Column (target_meter_reading) is partially present in data
Traceback (most recent call last):
  File "/home/bishesh/ASHRAE-MLOPS/src/monitoring/monitor.py", line 86, in generate_html_report
    report.run(
  File "/home/bishesh/miniconda3/envs/demo/lib/python3.11/site-packages/evidently/report/report.py", line 96, in run
    data_definition = self._inner_suite.context.engine.get_data_definition(
                      ^^^^^^^^^^^^^^^^^^^^^^^^^^^^^^^^^^^^^^^^^^^^^^^^^^^^^
  File "/home/bishesh/miniconda3/envs/demo/lib/python3.11/site-packages/evidently/calculation_engine/python_engine.py", line 45, in get_data_definition
    return create_data_definition(reference_data, current_data, column_mapping)
           ^^^^^^^^^^^^^^^^^^^^^^^^^^^^^^^^^^^^^^^^^^^^^^^^^^^^^^^^^^^^^^^^^^^^
  File "/home/bishesh/miniconda3/envs/demo/lib/python3.11/site-packages/evidently/utils/data_preprocessing.py", line 306, in create_data_definition
    target_column = _process_column(
                    ^^^^^^^^^^^^^^^^
  File "/home/bishesh/miniconda3/envs/demo/lib/python3.11/site-packages/evidently/utils/data_preprocessing.py", line 176, in _process_column
    raise ValueError(f"Column ({column_name}) is partially present in data")
ValueError: Column (target_meter_reading) is partially present in data
2026-01-14 19:10:02 - FeatureEngineer - INFO - Starting Feature Engineering on joined data...
2026-01-14 19:10:03 - FeatureEngineer - INFO - Feature engineering complete. Columns: ['building_id', 'meter', 'site_id', 'primary_use', 'square_feet', 'air_temperature', 'cloud_coverage', 'dew_temperature', 'precip_depth_1_hr', 'sea_level_pressure', 'wind_direction', 'wind_speed', 'day', 'month', 'week', 'hour', 'is_weekend', 'timestamp']
2026-01-14 19:10:05 - FeatureEngineer - INFO - Starting Feature Engineering on joined data...
2026-01-14 19:10:05 - FeatureEngineer - INFO - Feature engineering complete. Columns: ['building_id', 'meter', 'site_id', 'primary_use', 'square_feet', 'air_temperature', 'cloud_coverage', 'dew_temperature', 'precip_depth_1_hr', 'sea_level_pressure', 'wind_direction', 'wind_speed', 'day', 'month', 'week', 'hour', 'is_weekend', 'timestamp']
2026-01-14 19:10:07 - ModelMonitor - INFO - Generating Model Health Report...
2026-01-14 19:10:07 - ModelMonitor - INFO - Running drift analysis with categorical-focused mapping...
2026-01-14 19:10:07 - ModelMonitor - ERROR - Failed to generate monitoring report: Column (target_meter_reading) is partially present in data
Traceback (most recent call last):
  File "/home/bishesh/ASHRAE-MLOPS/src/monitoring/monitor.py", line 86, in generate_html_report
    report.run(
  File "/home/bishesh/miniconda3/envs/demo/lib/python3.11/site-packages/evidently/report/report.py", line 96, in run
    data_definition = self._inner_suite.context.engine.get_data_definition(
                      ^^^^^^^^^^^^^^^^^^^^^^^^^^^^^^^^^^^^^^^^^^^^^^^^^^^^^
  File "/home/bishesh/miniconda3/envs/demo/lib/python3.11/site-packages/evidently/calculation_engine/python_engine.py", line 45, in get_data_definition
    return create_data_definition(reference_data, current_data, column_mapping)
           ^^^^^^^^^^^^^^^^^^^^^^^^^^^^^^^^^^^^^^^^^^^^^^^^^^^^^^^^^^^^^^^^^^^^
  File "/home/bishesh/miniconda3/envs/demo/lib/python3.11/site-packages/evidently/utils/data_preprocessing.py", line 306, in create_data_definition
    target_column = _process_column(
                    ^^^^^^^^^^^^^^^^
  File "/home/bishesh/miniconda3/envs/demo/lib/python3.11/site-packages/evidently/utils/data_preprocessing.py", line 176, in _process_column
    raise ValueError(f"Column ({column_name}) is partially present in data")
ValueError: Column (target_meter_reading) is partially present in data
2026-01-14 19:11:50 - FeatureEngineer - INFO - Starting Feature Engineering on joined data...
2026-01-14 19:11:50 - FeatureEngineer - INFO - Feature engineering complete. Columns: ['building_id', 'meter', 'site_id', 'primary_use', 'square_feet', 'air_temperature', 'cloud_coverage', 'dew_temperature', 'precip_depth_1_hr', 'sea_level_pressure', 'wind_direction', 'wind_speed', 'day', 'month', 'week', 'hour', 'is_weekend', 'timestamp']
2026-01-14 19:11:51 - ModelMonitor - INFO - Generating Model Health Report...
2026-01-14 19:11:51 - ModelMonitor - INFO - Running drift analysis with categorical-focused mapping...
2026-01-14 19:11:51 - ModelMonitor - ERROR - Failed to generate monitoring report: Prediction column (prediction_meter_reading) is partially present in data
Traceback (most recent call last):
  File "/home/bishesh/ASHRAE-MLOPS/src/monitoring/monitor.py", line 85, in generate_html_report
    report.run(
  File "/home/bishesh/miniconda3/envs/demo/lib/python3.11/site-packages/evidently/report/report.py", line 96, in run
    data_definition = self._inner_suite.context.engine.get_data_definition(
                      ^^^^^^^^^^^^^^^^^^^^^^^^^^^^^^^^^^^^^^^^^^^^^^^^^^^^^
  File "/home/bishesh/miniconda3/envs/demo/lib/python3.11/site-packages/evidently/calculation_engine/python_engine.py", line 45, in get_data_definition
    return create_data_definition(reference_data, current_data, column_mapping)
           ^^^^^^^^^^^^^^^^^^^^^^^^^^^^^^^^^^^^^^^^^^^^^^^^^^^^^^^^^^^^^^^^^^^^
  File "/home/bishesh/miniconda3/envs/demo/lib/python3.11/site-packages/evidently/utils/data_preprocessing.py", line 326, in create_data_definition
    prediction_columns = _prediction_column(
                         ^^^^^^^^^^^^^^^^^^^
  File "/home/bishesh/miniconda3/envs/demo/lib/python3.11/site-packages/evidently/utils/data_preprocessing.py", line 199, in _prediction_column
    raise ValueError(f"Prediction column ({prediction}) is partially present in data")
ValueError: Prediction column (prediction_meter_reading) is partially present in data
2026-01-14 19:12:20 - FeatureEngineer - INFO - Starting Feature Engineering on joined data...
2026-01-14 19:12:20 - FeatureEngineer - INFO - Feature engineering complete. Columns: ['building_id', 'meter', 'site_id', 'primary_use', 'square_feet', 'air_temperature', 'cloud_coverage', 'dew_temperature', 'precip_depth_1_hr', 'sea_level_pressure', 'wind_direction', 'wind_speed', 'day', 'month', 'week', 'hour', 'is_weekend', 'timestamp']
2026-01-14 19:12:21 - ModelMonitor - INFO - Generating Model Health Report...
2026-01-14 19:12:21 - ModelMonitor - INFO - Running drift analysis with categorical-focused mapping...
2026-01-14 19:20:19 - FeatureEngineer - INFO - Starting Feature Engineering on joined data...
2026-01-14 19:20:19 - FeatureEngineer - INFO - Feature engineering complete. Columns: ['building_id', 'meter', 'site_id', 'primary_use', 'square_feet', 'air_temperature', 'cloud_coverage', 'dew_temperature', 'precip_depth_1_hr', 'sea_level_pressure', 'wind_direction', 'wind_speed', 'day', 'month', 'week', 'hour', 'is_weekend', 'timestamp']
2026-01-14 19:20:20 - ModelMonitor - INFO - Generating Model Health Report...
2026-01-14 19:20:21 - ModelMonitor - INFO - Running drift analysis with categorical-focused mapping...
2026-01-14 19:21:34 - FeatureEngineer - INFO - Starting Feature Engineering on joined data...
2026-01-14 19:21:34 - FeatureEngineer - INFO - Feature engineering complete. Columns: ['building_id', 'meter', 'site_id', 'primary_use', 'square_feet', 'air_temperature', 'cloud_coverage', 'dew_temperature', 'precip_depth_1_hr', 'sea_level_pressure', 'wind_direction', 'wind_speed', 'day', 'month', 'week', 'hour', 'is_weekend', 'timestamp']
2026-01-14 19:21:39 - FeatureEngineer - INFO - Starting Feature Engineering on joined data...
2026-01-14 19:21:39 - FeatureEngineer - INFO - Feature engineering complete. Columns: ['building_id', 'meter', 'site_id', 'primary_use', 'square_feet', 'air_temperature', 'cloud_coverage', 'dew_temperature', 'precip_depth_1_hr', 'sea_level_pressure', 'wind_direction', 'wind_speed', 'day', 'month', 'week', 'hour', 'is_weekend', 'timestamp']
2026-01-14 19:24:03 - FeatureEngineer - INFO - Starting Feature Engineering on joined data...
2026-01-14 19:24:03 - FeatureEngineer - INFO - Feature engineering complete. Columns: ['building_id', 'meter', 'site_id', 'primary_use', 'square_feet', 'air_temperature', 'cloud_coverage', 'dew_temperature', 'precip_depth_1_hr', 'sea_level_pressure', 'wind_direction', 'wind_speed', 'day', 'month', 'week', 'hour', 'is_weekend', 'timestamp']
2026-01-14 19:24:05 - ModelMonitor - INFO - Generating Model Health Report...
2026-01-14 19:24:13 - ModelMonitor - INFO - Generating Model Health Report...
2026-01-14 19:24:47 - FeatureEngineer - INFO - Starting Feature Engineering on joined data...
2026-01-14 19:24:47 - FeatureEngineer - INFO - Feature engineering complete. Columns: ['building_id', 'meter', 'site_id', 'primary_use', 'square_feet', 'air_temperature', 'cloud_coverage', 'dew_temperature', 'precip_depth_1_hr', 'sea_level_pressure', 'wind_direction', 'wind_speed', 'day', 'month', 'week', 'hour', 'is_weekend', 'timestamp']
2026-01-14 19:24:48 - ModelMonitor - INFO - Generating Model Health Report...
2026-01-14 19:24:50 - ModelMonitor - INFO - Generating Model Health Report...
2026-01-14 19:26:30 - FeatureEngineer - INFO - Starting Feature Engineering on joined data...
2026-01-14 19:26:30 - FeatureEngineer - INFO - Feature engineering complete. Columns: ['building_id', 'meter', 'site_id', 'primary_use', 'square_feet', 'air_temperature', 'cloud_coverage', 'dew_temperature', 'precip_depth_1_hr', 'sea_level_pressure', 'wind_direction', 'wind_speed', 'day', 'month', 'week', 'hour', 'is_weekend', 'timestamp']
2026-01-14 19:26:36 - ModelMonitor - INFO - Generating Model Health Report...
2026-01-14 19:26:36 - ModelMonitor - INFO - Running drift analysis with categorical-focused mapping...
2026-01-14 19:26:36 - ModelMonitor - ERROR - Failed to generate monitoring report: Column (meter_reading) is partially present in data
Traceback (most recent call last):
  File "/home/bishesh/ASHRAE-MLOPS/src/monitoring/monitor.py", line 82, in generate_html_report
    report.run(
  File "/home/bishesh/miniconda3/envs/demo/lib/python3.11/site-packages/evidently/report/report.py", line 96, in run
    data_definition = self._inner_suite.context.engine.get_data_definition(
                      ^^^^^^^^^^^^^^^^^^^^^^^^^^^^^^^^^^^^^^^^^^^^^^^^^^^^^
  File "/home/bishesh/miniconda3/envs/demo/lib/python3.11/site-packages/evidently/calculation_engine/python_engine.py", line 45, in get_data_definition
    return create_data_definition(reference_data, current_data, column_mapping)
           ^^^^^^^^^^^^^^^^^^^^^^^^^^^^^^^^^^^^^^^^^^^^^^^^^^^^^^^^^^^^^^^^^^^^
  File "/home/bishesh/miniconda3/envs/demo/lib/python3.11/site-packages/evidently/utils/data_preprocessing.py", line 306, in create_data_definition
    target_column = _process_column(
                    ^^^^^^^^^^^^^^^^
  File "/home/bishesh/miniconda3/envs/demo/lib/python3.11/site-packages/evidently/utils/data_preprocessing.py", line 176, in _process_column
    raise ValueError(f"Column ({column_name}) is partially present in data")
ValueError: Column (meter_reading) is partially present in data
2026-01-14 19:26:38 - ModelMonitor - INFO - Generating Model Health Report...
2026-01-14 19:26:38 - ModelMonitor - INFO - Running drift analysis with categorical-focused mapping...
2026-01-14 19:26:38 - ModelMonitor - ERROR - Failed to generate monitoring report: Column (meter_reading) is partially present in data
Traceback (most recent call last):
  File "/home/bishesh/ASHRAE-MLOPS/src/monitoring/monitor.py", line 82, in generate_html_report
    report.run(
  File "/home/bishesh/miniconda3/envs/demo/lib/python3.11/site-packages/evidently/report/report.py", line 96, in run
    data_definition = self._inner_suite.context.engine.get_data_definition(
                      ^^^^^^^^^^^^^^^^^^^^^^^^^^^^^^^^^^^^^^^^^^^^^^^^^^^^^
  File "/home/bishesh/miniconda3/envs/demo/lib/python3.11/site-packages/evidently/calculation_engine/python_engine.py", line 45, in get_data_definition
    return create_data_definition(reference_data, current_data, column_mapping)
           ^^^^^^^^^^^^^^^^^^^^^^^^^^^^^^^^^^^^^^^^^^^^^^^^^^^^^^^^^^^^^^^^^^^^
  File "/home/bishesh/miniconda3/envs/demo/lib/python3.11/site-packages/evidently/utils/data_preprocessing.py", line 306, in create_data_definition
    target_column = _process_column(
                    ^^^^^^^^^^^^^^^^
  File "/home/bishesh/miniconda3/envs/demo/lib/python3.11/site-packages/evidently/utils/data_preprocessing.py", line 176, in _process_column
    raise ValueError(f"Column ({column_name}) is partially present in data")
ValueError: Column (meter_reading) is partially present in data
2026-01-14 19:27:16 - ModelMonitor - INFO - Generating Model Health Report...
2026-01-14 19:27:16 - ModelMonitor - INFO - Running drift analysis with categorical-focused mapping...
2026-01-14 19:27:16 - ModelMonitor - ERROR - Failed to generate monitoring report: Column (meter_reading) is partially present in data
Traceback (most recent call last):
  File "/home/bishesh/ASHRAE-MLOPS/src/monitoring/monitor.py", line 82, in generate_html_report
    report.run(
  File "/home/bishesh/miniconda3/envs/demo/lib/python3.11/site-packages/evidently/report/report.py", line 96, in run
    data_definition = self._inner_suite.context.engine.get_data_definition(
                      ^^^^^^^^^^^^^^^^^^^^^^^^^^^^^^^^^^^^^^^^^^^^^^^^^^^^^
  File "/home/bishesh/miniconda3/envs/demo/lib/python3.11/site-packages/evidently/calculation_engine/python_engine.py", line 45, in get_data_definition
    return create_data_definition(reference_data, current_data, column_mapping)
           ^^^^^^^^^^^^^^^^^^^^^^^^^^^^^^^^^^^^^^^^^^^^^^^^^^^^^^^^^^^^^^^^^^^^
  File "/home/bishesh/miniconda3/envs/demo/lib/python3.11/site-packages/evidently/utils/data_preprocessing.py", line 306, in create_data_definition
    target_column = _process_column(
                    ^^^^^^^^^^^^^^^^
  File "/home/bishesh/miniconda3/envs/demo/lib/python3.11/site-packages/evidently/utils/data_preprocessing.py", line 176, in _process_column
    raise ValueError(f"Column ({column_name}) is partially present in data")
ValueError: Column (meter_reading) is partially present in data
2026-01-14 19:27:30 - FeatureEngineer - INFO - Starting Feature Engineering on joined data...
2026-01-14 19:27:30 - FeatureEngineer - INFO - Feature engineering complete. Columns: ['building_id', 'meter', 'site_id', 'primary_use', 'square_feet', 'air_temperature', 'cloud_coverage', 'dew_temperature', 'precip_depth_1_hr', 'sea_level_pressure', 'wind_direction', 'wind_speed', 'day', 'month', 'week', 'hour', 'is_weekend', 'timestamp']
2026-01-14 19:27:32 - ModelMonitor - INFO - Generating Model Health Report...
2026-01-14 19:27:32 - ModelMonitor - INFO - Running drift analysis with categorical-focused mapping...
2026-01-14 19:27:32 - ModelMonitor - ERROR - Failed to generate monitoring report: Column (meter_reading) is partially present in data
Traceback (most recent call last):
  File "/home/bishesh/ASHRAE-MLOPS/src/monitoring/monitor.py", line 82, in generate_html_report
    report.run(
  File "/home/bishesh/miniconda3/envs/demo/lib/python3.11/site-packages/evidently/report/report.py", line 96, in run
    data_definition = self._inner_suite.context.engine.get_data_definition(
                      ^^^^^^^^^^^^^^^^^^^^^^^^^^^^^^^^^^^^^^^^^^^^^^^^^^^^^
  File "/home/bishesh/miniconda3/envs/demo/lib/python3.11/site-packages/evidently/calculation_engine/python_engine.py", line 45, in get_data_definition
    return create_data_definition(reference_data, current_data, column_mapping)
           ^^^^^^^^^^^^^^^^^^^^^^^^^^^^^^^^^^^^^^^^^^^^^^^^^^^^^^^^^^^^^^^^^^^^
  File "/home/bishesh/miniconda3/envs/demo/lib/python3.11/site-packages/evidently/utils/data_preprocessing.py", line 306, in create_data_definition
    target_column = _process_column(
                    ^^^^^^^^^^^^^^^^
  File "/home/bishesh/miniconda3/envs/demo/lib/python3.11/site-packages/evidently/utils/data_preprocessing.py", line 176, in _process_column
    raise ValueError(f"Column ({column_name}) is partially present in data")
ValueError: Column (meter_reading) is partially present in data
2026-01-14 19:27:35 - ModelMonitor - INFO - Generating Model Health Report...
2026-01-14 19:27:35 - ModelMonitor - INFO - Running drift analysis with categorical-focused mapping...
2026-01-14 19:27:35 - ModelMonitor - ERROR - Failed to generate monitoring report: Column (meter_reading) is partially present in data
Traceback (most recent call last):
  File "/home/bishesh/ASHRAE-MLOPS/src/monitoring/monitor.py", line 82, in generate_html_report
    report.run(
  File "/home/bishesh/miniconda3/envs/demo/lib/python3.11/site-packages/evidently/report/report.py", line 96, in run
    data_definition = self._inner_suite.context.engine.get_data_definition(
                      ^^^^^^^^^^^^^^^^^^^^^^^^^^^^^^^^^^^^^^^^^^^^^^^^^^^^^
  File "/home/bishesh/miniconda3/envs/demo/lib/python3.11/site-packages/evidently/calculation_engine/python_engine.py", line 45, in get_data_definition
    return create_data_definition(reference_data, current_data, column_mapping)
           ^^^^^^^^^^^^^^^^^^^^^^^^^^^^^^^^^^^^^^^^^^^^^^^^^^^^^^^^^^^^^^^^^^^^
  File "/home/bishesh/miniconda3/envs/demo/lib/python3.11/site-packages/evidently/utils/data_preprocessing.py", line 306, in create_data_definition
    target_column = _process_column(
                    ^^^^^^^^^^^^^^^^
  File "/home/bishesh/miniconda3/envs/demo/lib/python3.11/site-packages/evidently/utils/data_preprocessing.py", line 176, in _process_column
    raise ValueError(f"Column ({column_name}) is partially present in data")
ValueError: Column (meter_reading) is partially present in data
2026-01-14 19:27:48 - ModelMonitor - INFO - Generating Model Health Report...
2026-01-14 19:27:48 - ModelMonitor - INFO - Running drift analysis with categorical-focused mapping...
2026-01-14 19:27:48 - ModelMonitor - ERROR - Failed to generate monitoring report: Prediction column (prediction) is partially present in data
Traceback (most recent call last):
  File "/home/bishesh/ASHRAE-MLOPS/src/monitoring/monitor.py", line 82, in generate_html_report
    report.run(
  File "/home/bishesh/miniconda3/envs/demo/lib/python3.11/site-packages/evidently/report/report.py", line 96, in run
    data_definition = self._inner_suite.context.engine.get_data_definition(
                      ^^^^^^^^^^^^^^^^^^^^^^^^^^^^^^^^^^^^^^^^^^^^^^^^^^^^^
  File "/home/bishesh/miniconda3/envs/demo/lib/python3.11/site-packages/evidently/calculation_engine/python_engine.py", line 45, in get_data_definition
    return create_data_definition(reference_data, current_data, column_mapping)
           ^^^^^^^^^^^^^^^^^^^^^^^^^^^^^^^^^^^^^^^^^^^^^^^^^^^^^^^^^^^^^^^^^^^^
  File "/home/bishesh/miniconda3/envs/demo/lib/python3.11/site-packages/evidently/utils/data_preprocessing.py", line 326, in create_data_definition
    prediction_columns = _prediction_column(
                         ^^^^^^^^^^^^^^^^^^^
  File "/home/bishesh/miniconda3/envs/demo/lib/python3.11/site-packages/evidently/utils/data_preprocessing.py", line 199, in _prediction_column
    raise ValueError(f"Prediction column ({prediction}) is partially present in data")
ValueError: Prediction column (prediction) is partially present in data
2026-01-14 19:27:57 - ModelMonitor - INFO - Generating Model Health Report...
2026-01-14 19:27:57 - ModelMonitor - INFO - Running drift analysis with categorical-focused mapping...
2026-01-14 19:28:32 - FeatureEngineer - INFO - Starting Feature Engineering on joined data...
2026-01-14 19:28:32 - FeatureEngineer - INFO - Feature engineering complete. Columns: ['building_id', 'meter', 'site_id', 'primary_use', 'square_feet', 'air_temperature', 'cloud_coverage', 'dew_temperature', 'precip_depth_1_hr', 'sea_level_pressure', 'wind_direction', 'wind_speed', 'day', 'month', 'week', 'hour', 'is_weekend', 'timestamp']
2026-01-14 19:28:33 - ModelMonitor - INFO - Generating Model Health Report...
2026-01-14 19:28:33 - ModelMonitor - INFO - Running drift analysis with categorical-focused mapping...
2026-01-14 19:28:33 - ModelMonitor - ERROR - Failed to generate monitoring report: Column (prediction) is partially present in data
Traceback (most recent call last):
  File "/home/bishesh/ASHRAE-MLOPS/src/monitoring/monitor.py", line 82, in generate_html_report
    report.run(
  File "/home/bishesh/miniconda3/envs/demo/lib/python3.11/site-packages/evidently/report/report.py", line 96, in run
    data_definition = self._inner_suite.context.engine.get_data_definition(
                      ^^^^^^^^^^^^^^^^^^^^^^^^^^^^^^^^^^^^^^^^^^^^^^^^^^^^^
  File "/home/bishesh/miniconda3/envs/demo/lib/python3.11/site-packages/evidently/calculation_engine/python_engine.py", line 45, in get_data_definition
    return create_data_definition(reference_data, current_data, column_mapping)
           ^^^^^^^^^^^^^^^^^^^^^^^^^^^^^^^^^^^^^^^^^^^^^^^^^^^^^^^^^^^^^^^^^^^^
  File "/home/bishesh/miniconda3/envs/demo/lib/python3.11/site-packages/evidently/utils/data_preprocessing.py", line 306, in create_data_definition
    target_column = _process_column(
                    ^^^^^^^^^^^^^^^^
  File "/home/bishesh/miniconda3/envs/demo/lib/python3.11/site-packages/evidently/utils/data_preprocessing.py", line 176, in _process_column
    raise ValueError(f"Column ({column_name}) is partially present in data")
ValueError: Column (prediction) is partially present in data
2026-01-14 19:28:35 - ModelMonitor - INFO - Generating Model Health Report...
2026-01-14 19:28:35 - ModelMonitor - INFO - Running drift analysis with categorical-focused mapping...
2026-01-14 19:28:35 - ModelMonitor - ERROR - Failed to generate monitoring report: Column (prediction) is partially present in data
Traceback (most recent call last):
  File "/home/bishesh/ASHRAE-MLOPS/src/monitoring/monitor.py", line 82, in generate_html_report
    report.run(
  File "/home/bishesh/miniconda3/envs/demo/lib/python3.11/site-packages/evidently/report/report.py", line 96, in run
    data_definition = self._inner_suite.context.engine.get_data_definition(
                      ^^^^^^^^^^^^^^^^^^^^^^^^^^^^^^^^^^^^^^^^^^^^^^^^^^^^^
  File "/home/bishesh/miniconda3/envs/demo/lib/python3.11/site-packages/evidently/calculation_engine/python_engine.py", line 45, in get_data_definition
    return create_data_definition(reference_data, current_data, column_mapping)
           ^^^^^^^^^^^^^^^^^^^^^^^^^^^^^^^^^^^^^^^^^^^^^^^^^^^^^^^^^^^^^^^^^^^^
  File "/home/bishesh/miniconda3/envs/demo/lib/python3.11/site-packages/evidently/utils/data_preprocessing.py", line 306, in create_data_definition
    target_column = _process_column(
                    ^^^^^^^^^^^^^^^^
  File "/home/bishesh/miniconda3/envs/demo/lib/python3.11/site-packages/evidently/utils/data_preprocessing.py", line 176, in _process_column
    raise ValueError(f"Column ({column_name}) is partially present in data")
ValueError: Column (prediction) is partially present in data
2026-01-14 19:29:35 - FeatureEngineer - INFO - Starting Feature Engineering on joined data...
2026-01-14 19:29:35 - FeatureEngineer - INFO - Feature engineering complete. Columns: ['building_id', 'meter', 'site_id', 'primary_use', 'square_feet', 'air_temperature', 'cloud_coverage', 'dew_temperature', 'precip_depth_1_hr', 'sea_level_pressure', 'wind_direction', 'wind_speed', 'day', 'month', 'week', 'hour', 'is_weekend', 'timestamp']
2026-01-14 19:29:36 - ModelMonitor - INFO - Generating Model Health Report...
2026-01-14 19:29:36 - ModelMonitor - ERROR - Failed to generate monitoring report: (pymysql.err.OperationalError) (1054, "Unknown column 'logged_at' in 'order clause'")
[SQL: SELECT * FROM inference_logs ORDER BY logged_at DESC LIMIT 5000]
(Background on this error at: https://sqlalche.me/e/14/e3q8)
Traceback (most recent call last):
  File "/home/bishesh/miniconda3/envs/demo/lib/python3.11/site-packages/sqlalchemy/engine/base.py", line 1910, in _execute_context
    self.dialect.do_execute(
  File "/home/bishesh/miniconda3/envs/demo/lib/python3.11/site-packages/sqlalchemy/engine/default.py", line 736, in do_execute
    cursor.execute(statement, parameters)
  File "/home/bishesh/miniconda3/envs/demo/lib/python3.11/site-packages/pymysql/cursors.py", line 153, in execute
    result = self._query(query)
             ^^^^^^^^^^^^^^^^^^
  File "/home/bishesh/miniconda3/envs/demo/lib/python3.11/site-packages/pymysql/cursors.py", line 322, in _query
    conn.query(q)
  File "/home/bishesh/miniconda3/envs/demo/lib/python3.11/site-packages/pymysql/connections.py", line 575, in query
    self._affected_rows = self._read_query_result(unbuffered=unbuffered)
                          ^^^^^^^^^^^^^^^^^^^^^^^^^^^^^^^^^^^^^^^^^^^^^^
  File "/home/bishesh/miniconda3/envs/demo/lib/python3.11/site-packages/pymysql/connections.py", line 826, in _read_query_result
    result.read()
  File "/home/bishesh/miniconda3/envs/demo/lib/python3.11/site-packages/pymysql/connections.py", line 1203, in read
    first_packet = self.connection._read_packet()
                   ^^^^^^^^^^^^^^^^^^^^^^^^^^^^^^
  File "/home/bishesh/miniconda3/envs/demo/lib/python3.11/site-packages/pymysql/connections.py", line 782, in _read_packet
    packet.raise_for_error()
  File "/home/bishesh/miniconda3/envs/demo/lib/python3.11/site-packages/pymysql/protocol.py", line 219, in raise_for_error
    err.raise_mysql_exception(self._data)
  File "/home/bishesh/miniconda3/envs/demo/lib/python3.11/site-packages/pymysql/err.py", line 150, in raise_mysql_exception
    raise errorclass(errno, errval)
pymysql.err.OperationalError: (1054, "Unknown column 'logged_at' in 'order clause'")

The above exception was the direct cause of the following exception:

Traceback (most recent call last):
  File "/home/bishesh/ASHRAE-MLOPS/src/monitoring/monitor.py", line 37, in generate_html_report
    current_df = pd.read_sql(query, con=self.db_client.get_engine())
                 ^^^^^^^^^^^^^^^^^^^^^^^^^^^^^^^^^^^^^^^^^^^^^^^^^^^
  File "/home/bishesh/miniconda3/envs/demo/lib/python3.11/site-packages/pandas/io/sql.py", line 682, in read_sql
    return pandas_sql.read_query(
           ^^^^^^^^^^^^^^^^^^^^^^
  File "/home/bishesh/miniconda3/envs/demo/lib/python3.11/site-packages/pandas/io/sql.py", line 1776, in read_query
    result = self.execute(sql, params)
             ^^^^^^^^^^^^^^^^^^^^^^^^^
  File "/home/bishesh/miniconda3/envs/demo/lib/python3.11/site-packages/pandas/io/sql.py", line 1599, in execute
    return self.con.exec_driver_sql(sql, *args)
           ^^^^^^^^^^^^^^^^^^^^^^^^^^^^^^^^^^^^
  File "/home/bishesh/miniconda3/envs/demo/lib/python3.11/site-packages/sqlalchemy/engine/base.py", line 1770, in exec_driver_sql
    return self._exec_driver_sql(
           ^^^^^^^^^^^^^^^^^^^^^^
  File "/home/bishesh/miniconda3/envs/demo/lib/python3.11/site-packages/sqlalchemy/engine/base.py", line 1674, in _exec_driver_sql
    ret = self._execute_context(
          ^^^^^^^^^^^^^^^^^^^^^^
  File "/home/bishesh/miniconda3/envs/demo/lib/python3.11/site-packages/sqlalchemy/engine/base.py", line 1953, in _execute_context
    self._handle_dbapi_exception(
  File "/home/bishesh/miniconda3/envs/demo/lib/python3.11/site-packages/sqlalchemy/engine/base.py", line 2134, in _handle_dbapi_exception
    util.raise_(
  File "/home/bishesh/miniconda3/envs/demo/lib/python3.11/site-packages/sqlalchemy/util/compat.py", line 211, in raise_
    raise exception
  File "/home/bishesh/miniconda3/envs/demo/lib/python3.11/site-packages/sqlalchemy/engine/base.py", line 1910, in _execute_context
    self.dialect.do_execute(
  File "/home/bishesh/miniconda3/envs/demo/lib/python3.11/site-packages/sqlalchemy/engine/default.py", line 736, in do_execute
    cursor.execute(statement, parameters)
  File "/home/bishesh/miniconda3/envs/demo/lib/python3.11/site-packages/pymysql/cursors.py", line 153, in execute
    result = self._query(query)
             ^^^^^^^^^^^^^^^^^^
  File "/home/bishesh/miniconda3/envs/demo/lib/python3.11/site-packages/pymysql/cursors.py", line 322, in _query
    conn.query(q)
  File "/home/bishesh/miniconda3/envs/demo/lib/python3.11/site-packages/pymysql/connections.py", line 575, in query
    self._affected_rows = self._read_query_result(unbuffered=unbuffered)
                          ^^^^^^^^^^^^^^^^^^^^^^^^^^^^^^^^^^^^^^^^^^^^^^
  File "/home/bishesh/miniconda3/envs/demo/lib/python3.11/site-packages/pymysql/connections.py", line 826, in _read_query_result
    result.read()
  File "/home/bishesh/miniconda3/envs/demo/lib/python3.11/site-packages/pymysql/connections.py", line 1203, in read
    first_packet = self.connection._read_packet()
                   ^^^^^^^^^^^^^^^^^^^^^^^^^^^^^^
  File "/home/bishesh/miniconda3/envs/demo/lib/python3.11/site-packages/pymysql/connections.py", line 782, in _read_packet
    packet.raise_for_error()
  File "/home/bishesh/miniconda3/envs/demo/lib/python3.11/site-packages/pymysql/protocol.py", line 219, in raise_for_error
    err.raise_mysql_exception(self._data)
  File "/home/bishesh/miniconda3/envs/demo/lib/python3.11/site-packages/pymysql/err.py", line 150, in raise_mysql_exception
    raise errorclass(errno, errval)
sqlalchemy.exc.OperationalError: (pymysql.err.OperationalError) (1054, "Unknown column 'logged_at' in 'order clause'")
[SQL: SELECT * FROM inference_logs ORDER BY logged_at DESC LIMIT 5000]
(Background on this error at: https://sqlalche.me/e/14/e3q8)
2026-01-14 19:29:39 - ModelMonitor - INFO - Generating Model Health Report...
2026-01-14 19:29:39 - ModelMonitor - ERROR - Failed to generate monitoring report: (pymysql.err.OperationalError) (1054, "Unknown column 'logged_at' in 'order clause'")
[SQL: SELECT * FROM inference_logs ORDER BY logged_at DESC LIMIT 5000]
(Background on this error at: https://sqlalche.me/e/14/e3q8)
Traceback (most recent call last):
  File "/home/bishesh/miniconda3/envs/demo/lib/python3.11/site-packages/sqlalchemy/engine/base.py", line 1910, in _execute_context
    self.dialect.do_execute(
  File "/home/bishesh/miniconda3/envs/demo/lib/python3.11/site-packages/sqlalchemy/engine/default.py", line 736, in do_execute
    cursor.execute(statement, parameters)
  File "/home/bishesh/miniconda3/envs/demo/lib/python3.11/site-packages/pymysql/cursors.py", line 153, in execute
    result = self._query(query)
             ^^^^^^^^^^^^^^^^^^
  File "/home/bishesh/miniconda3/envs/demo/lib/python3.11/site-packages/pymysql/cursors.py", line 322, in _query
    conn.query(q)
  File "/home/bishesh/miniconda3/envs/demo/lib/python3.11/site-packages/pymysql/connections.py", line 575, in query
    self._affected_rows = self._read_query_result(unbuffered=unbuffered)
                          ^^^^^^^^^^^^^^^^^^^^^^^^^^^^^^^^^^^^^^^^^^^^^^
  File "/home/bishesh/miniconda3/envs/demo/lib/python3.11/site-packages/pymysql/connections.py", line 826, in _read_query_result
    result.read()
  File "/home/bishesh/miniconda3/envs/demo/lib/python3.11/site-packages/pymysql/connections.py", line 1203, in read
    first_packet = self.connection._read_packet()
                   ^^^^^^^^^^^^^^^^^^^^^^^^^^^^^^
  File "/home/bishesh/miniconda3/envs/demo/lib/python3.11/site-packages/pymysql/connections.py", line 782, in _read_packet
    packet.raise_for_error()
  File "/home/bishesh/miniconda3/envs/demo/lib/python3.11/site-packages/pymysql/protocol.py", line 219, in raise_for_error
    err.raise_mysql_exception(self._data)
  File "/home/bishesh/miniconda3/envs/demo/lib/python3.11/site-packages/pymysql/err.py", line 150, in raise_mysql_exception
    raise errorclass(errno, errval)
pymysql.err.OperationalError: (1054, "Unknown column 'logged_at' in 'order clause'")

The above exception was the direct cause of the following exception:

Traceback (most recent call last):
  File "/home/bishesh/ASHRAE-MLOPS/src/monitoring/monitor.py", line 37, in generate_html_report
    current_df = pd.read_sql(query, con=self.db_client.get_engine())
                 ^^^^^^^^^^^^^^^^^^^^^^^^^^^^^^^^^^^^^^^^^^^^^^^^^^^
  File "/home/bishesh/miniconda3/envs/demo/lib/python3.11/site-packages/pandas/io/sql.py", line 682, in read_sql
    return pandas_sql.read_query(
           ^^^^^^^^^^^^^^^^^^^^^^
  File "/home/bishesh/miniconda3/envs/demo/lib/python3.11/site-packages/pandas/io/sql.py", line 1776, in read_query
    result = self.execute(sql, params)
             ^^^^^^^^^^^^^^^^^^^^^^^^^
  File "/home/bishesh/miniconda3/envs/demo/lib/python3.11/site-packages/pandas/io/sql.py", line 1599, in execute
    return self.con.exec_driver_sql(sql, *args)
           ^^^^^^^^^^^^^^^^^^^^^^^^^^^^^^^^^^^^
  File "/home/bishesh/miniconda3/envs/demo/lib/python3.11/site-packages/sqlalchemy/engine/base.py", line 1770, in exec_driver_sql
    return self._exec_driver_sql(
           ^^^^^^^^^^^^^^^^^^^^^^
  File "/home/bishesh/miniconda3/envs/demo/lib/python3.11/site-packages/sqlalchemy/engine/base.py", line 1674, in _exec_driver_sql
    ret = self._execute_context(
          ^^^^^^^^^^^^^^^^^^^^^^
  File "/home/bishesh/miniconda3/envs/demo/lib/python3.11/site-packages/sqlalchemy/engine/base.py", line 1953, in _execute_context
    self._handle_dbapi_exception(
  File "/home/bishesh/miniconda3/envs/demo/lib/python3.11/site-packages/sqlalchemy/engine/base.py", line 2134, in _handle_dbapi_exception
    util.raise_(
  File "/home/bishesh/miniconda3/envs/demo/lib/python3.11/site-packages/sqlalchemy/util/compat.py", line 211, in raise_
    raise exception
  File "/home/bishesh/miniconda3/envs/demo/lib/python3.11/site-packages/sqlalchemy/engine/base.py", line 1910, in _execute_context
    self.dialect.do_execute(
  File "/home/bishesh/miniconda3/envs/demo/lib/python3.11/site-packages/sqlalchemy/engine/default.py", line 736, in do_execute
    cursor.execute(statement, parameters)
  File "/home/bishesh/miniconda3/envs/demo/lib/python3.11/site-packages/pymysql/cursors.py", line 153, in execute
    result = self._query(query)
             ^^^^^^^^^^^^^^^^^^
  File "/home/bishesh/miniconda3/envs/demo/lib/python3.11/site-packages/pymysql/cursors.py", line 322, in _query
    conn.query(q)
  File "/home/bishesh/miniconda3/envs/demo/lib/python3.11/site-packages/pymysql/connections.py", line 575, in query
    self._affected_rows = self._read_query_result(unbuffered=unbuffered)
                          ^^^^^^^^^^^^^^^^^^^^^^^^^^^^^^^^^^^^^^^^^^^^^^
  File "/home/bishesh/miniconda3/envs/demo/lib/python3.11/site-packages/pymysql/connections.py", line 826, in _read_query_result
    result.read()
  File "/home/bishesh/miniconda3/envs/demo/lib/python3.11/site-packages/pymysql/connections.py", line 1203, in read
    first_packet = self.connection._read_packet()
                   ^^^^^^^^^^^^^^^^^^^^^^^^^^^^^^
  File "/home/bishesh/miniconda3/envs/demo/lib/python3.11/site-packages/pymysql/connections.py", line 782, in _read_packet
    packet.raise_for_error()
  File "/home/bishesh/miniconda3/envs/demo/lib/python3.11/site-packages/pymysql/protocol.py", line 219, in raise_for_error
    err.raise_mysql_exception(self._data)
  File "/home/bishesh/miniconda3/envs/demo/lib/python3.11/site-packages/pymysql/err.py", line 150, in raise_mysql_exception
    raise errorclass(errno, errval)
sqlalchemy.exc.OperationalError: (pymysql.err.OperationalError) (1054, "Unknown column 'logged_at' in 'order clause'")
[SQL: SELECT * FROM inference_logs ORDER BY logged_at DESC LIMIT 5000]
(Background on this error at: https://sqlalche.me/e/14/e3q8)
2026-01-14 19:31:19 - ModelMonitor - INFO - Generating Model Health Report...
2026-01-14 19:31:19 - ModelMonitor - INFO - Running drift analysis with categorical-focused mapping...
2026-01-14 19:31:56 - FeatureEngineer - INFO - Starting Feature Engineering on joined data...
2026-01-14 19:31:56 - FeatureEngineer - INFO - Feature engineering complete. Columns: ['building_id', 'meter', 'site_id', 'primary_use', 'square_feet', 'air_temperature', 'cloud_coverage', 'dew_temperature', 'precip_depth_1_hr', 'sea_level_pressure', 'wind_direction', 'wind_speed', 'day', 'month', 'week', 'hour', 'is_weekend', 'timestamp']
2026-01-14 19:31:58 - ModelMonitor - INFO - Generating Model Health Report...
2026-01-14 19:31:58 - ModelMonitor - INFO - Running drift analysis with categorical-focused mapping...
2026-01-14 19:33:46 - FeatureEngineer - INFO - Starting Feature Engineering on joined data...
2026-01-14 19:33:46 - FeatureEngineer - INFO - Feature engineering complete. Columns: ['building_id', 'meter', 'site_id', 'primary_use', 'square_feet', 'air_temperature', 'cloud_coverage', 'dew_temperature', 'precip_depth_1_hr', 'sea_level_pressure', 'wind_direction', 'wind_speed', 'day', 'month', 'week', 'hour', 'is_weekend', 'timestamp']
2026-01-14 19:33:47 - ModelMonitor - INFO - Generating Model Health Report...
2026-01-14 19:33:47 - ModelMonitor - ERROR - Failed to generate monitoring report: (pymysql.err.OperationalError) (1054, "Unknown column 'logged_at' in 'order clause'")
[SQL: SELECT * FROM inference_logs ORDER BY logged_at DESC LIMIT 5000]
(Background on this error at: https://sqlalche.me/e/14/e3q8)
Traceback (most recent call last):
  File "/home/bishesh/miniconda3/envs/demo/lib/python3.11/site-packages/sqlalchemy/engine/base.py", line 1910, in _execute_context
    self.dialect.do_execute(
  File "/home/bishesh/miniconda3/envs/demo/lib/python3.11/site-packages/sqlalchemy/engine/default.py", line 736, in do_execute
    cursor.execute(statement, parameters)
  File "/home/bishesh/miniconda3/envs/demo/lib/python3.11/site-packages/pymysql/cursors.py", line 153, in execute
    result = self._query(query)
             ^^^^^^^^^^^^^^^^^^
  File "/home/bishesh/miniconda3/envs/demo/lib/python3.11/site-packages/pymysql/cursors.py", line 322, in _query
    conn.query(q)
  File "/home/bishesh/miniconda3/envs/demo/lib/python3.11/site-packages/pymysql/connections.py", line 575, in query
    self._affected_rows = self._read_query_result(unbuffered=unbuffered)
                          ^^^^^^^^^^^^^^^^^^^^^^^^^^^^^^^^^^^^^^^^^^^^^^
  File "/home/bishesh/miniconda3/envs/demo/lib/python3.11/site-packages/pymysql/connections.py", line 826, in _read_query_result
    result.read()
  File "/home/bishesh/miniconda3/envs/demo/lib/python3.11/site-packages/pymysql/connections.py", line 1203, in read
    first_packet = self.connection._read_packet()
                   ^^^^^^^^^^^^^^^^^^^^^^^^^^^^^^
  File "/home/bishesh/miniconda3/envs/demo/lib/python3.11/site-packages/pymysql/connections.py", line 782, in _read_packet
    packet.raise_for_error()
  File "/home/bishesh/miniconda3/envs/demo/lib/python3.11/site-packages/pymysql/protocol.py", line 219, in raise_for_error
    err.raise_mysql_exception(self._data)
  File "/home/bishesh/miniconda3/envs/demo/lib/python3.11/site-packages/pymysql/err.py", line 150, in raise_mysql_exception
    raise errorclass(errno, errval)
pymysql.err.OperationalError: (1054, "Unknown column 'logged_at' in 'order clause'")

The above exception was the direct cause of the following exception:

Traceback (most recent call last):
  File "/home/bishesh/ASHRAE-MLOPS/src/monitoring/monitor.py", line 37, in generate_html_report
    current_df = pd.read_sql(query, con=self.db_client.get_engine())
                 ^^^^^^^^^^^^^^^^^^^^^^^^^^^^^^^^^^^^^^^^^^^^^^^^^^^
  File "/home/bishesh/miniconda3/envs/demo/lib/python3.11/site-packages/pandas/io/sql.py", line 682, in read_sql
    return pandas_sql.read_query(
           ^^^^^^^^^^^^^^^^^^^^^^
  File "/home/bishesh/miniconda3/envs/demo/lib/python3.11/site-packages/pandas/io/sql.py", line 1776, in read_query
    result = self.execute(sql, params)
             ^^^^^^^^^^^^^^^^^^^^^^^^^
  File "/home/bishesh/miniconda3/envs/demo/lib/python3.11/site-packages/pandas/io/sql.py", line 1599, in execute
    return self.con.exec_driver_sql(sql, *args)
           ^^^^^^^^^^^^^^^^^^^^^^^^^^^^^^^^^^^^
  File "/home/bishesh/miniconda3/envs/demo/lib/python3.11/site-packages/sqlalchemy/engine/base.py", line 1770, in exec_driver_sql
    return self._exec_driver_sql(
           ^^^^^^^^^^^^^^^^^^^^^^
  File "/home/bishesh/miniconda3/envs/demo/lib/python3.11/site-packages/sqlalchemy/engine/base.py", line 1674, in _exec_driver_sql
    ret = self._execute_context(
          ^^^^^^^^^^^^^^^^^^^^^^
  File "/home/bishesh/miniconda3/envs/demo/lib/python3.11/site-packages/sqlalchemy/engine/base.py", line 1953, in _execute_context
    self._handle_dbapi_exception(
  File "/home/bishesh/miniconda3/envs/demo/lib/python3.11/site-packages/sqlalchemy/engine/base.py", line 2134, in _handle_dbapi_exception
    util.raise_(
  File "/home/bishesh/miniconda3/envs/demo/lib/python3.11/site-packages/sqlalchemy/util/compat.py", line 211, in raise_
    raise exception
  File "/home/bishesh/miniconda3/envs/demo/lib/python3.11/site-packages/sqlalchemy/engine/base.py", line 1910, in _execute_context
    self.dialect.do_execute(
  File "/home/bishesh/miniconda3/envs/demo/lib/python3.11/site-packages/sqlalchemy/engine/default.py", line 736, in do_execute
    cursor.execute(statement, parameters)
  File "/home/bishesh/miniconda3/envs/demo/lib/python3.11/site-packages/pymysql/cursors.py", line 153, in execute
    result = self._query(query)
             ^^^^^^^^^^^^^^^^^^
  File "/home/bishesh/miniconda3/envs/demo/lib/python3.11/site-packages/pymysql/cursors.py", line 322, in _query
    conn.query(q)
  File "/home/bishesh/miniconda3/envs/demo/lib/python3.11/site-packages/pymysql/connections.py", line 575, in query
    self._affected_rows = self._read_query_result(unbuffered=unbuffered)
                          ^^^^^^^^^^^^^^^^^^^^^^^^^^^^^^^^^^^^^^^^^^^^^^
  File "/home/bishesh/miniconda3/envs/demo/lib/python3.11/site-packages/pymysql/connections.py", line 826, in _read_query_result
    result.read()
  File "/home/bishesh/miniconda3/envs/demo/lib/python3.11/site-packages/pymysql/connections.py", line 1203, in read
    first_packet = self.connection._read_packet()
                   ^^^^^^^^^^^^^^^^^^^^^^^^^^^^^^
  File "/home/bishesh/miniconda3/envs/demo/lib/python3.11/site-packages/pymysql/connections.py", line 782, in _read_packet
    packet.raise_for_error()
  File "/home/bishesh/miniconda3/envs/demo/lib/python3.11/site-packages/pymysql/protocol.py", line 219, in raise_for_error
    err.raise_mysql_exception(self._data)
  File "/home/bishesh/miniconda3/envs/demo/lib/python3.11/site-packages/pymysql/err.py", line 150, in raise_mysql_exception
    raise errorclass(errno, errval)
sqlalchemy.exc.OperationalError: (pymysql.err.OperationalError) (1054, "Unknown column 'logged_at' in 'order clause'")
[SQL: SELECT * FROM inference_logs ORDER BY logged_at DESC LIMIT 5000]
(Background on this error at: https://sqlalche.me/e/14/e3q8)
2026-01-14 19:33:50 - ModelMonitor - INFO - Generating Model Health Report...
2026-01-14 19:33:50 - ModelMonitor - ERROR - Failed to generate monitoring report: (pymysql.err.OperationalError) (1054, "Unknown column 'logged_at' in 'order clause'")
[SQL: SELECT * FROM inference_logs ORDER BY logged_at DESC LIMIT 5000]
(Background on this error at: https://sqlalche.me/e/14/e3q8)
Traceback (most recent call last):
  File "/home/bishesh/miniconda3/envs/demo/lib/python3.11/site-packages/sqlalchemy/engine/base.py", line 1910, in _execute_context
    self.dialect.do_execute(
  File "/home/bishesh/miniconda3/envs/demo/lib/python3.11/site-packages/sqlalchemy/engine/default.py", line 736, in do_execute
    cursor.execute(statement, parameters)
  File "/home/bishesh/miniconda3/envs/demo/lib/python3.11/site-packages/pymysql/cursors.py", line 153, in execute
    result = self._query(query)
             ^^^^^^^^^^^^^^^^^^
  File "/home/bishesh/miniconda3/envs/demo/lib/python3.11/site-packages/pymysql/cursors.py", line 322, in _query
    conn.query(q)
  File "/home/bishesh/miniconda3/envs/demo/lib/python3.11/site-packages/pymysql/connections.py", line 575, in query
    self._affected_rows = self._read_query_result(unbuffered=unbuffered)
                          ^^^^^^^^^^^^^^^^^^^^^^^^^^^^^^^^^^^^^^^^^^^^^^
  File "/home/bishesh/miniconda3/envs/demo/lib/python3.11/site-packages/pymysql/connections.py", line 826, in _read_query_result
    result.read()
  File "/home/bishesh/miniconda3/envs/demo/lib/python3.11/site-packages/pymysql/connections.py", line 1203, in read
    first_packet = self.connection._read_packet()
                   ^^^^^^^^^^^^^^^^^^^^^^^^^^^^^^
  File "/home/bishesh/miniconda3/envs/demo/lib/python3.11/site-packages/pymysql/connections.py", line 782, in _read_packet
    packet.raise_for_error()
  File "/home/bishesh/miniconda3/envs/demo/lib/python3.11/site-packages/pymysql/protocol.py", line 219, in raise_for_error
    err.raise_mysql_exception(self._data)
  File "/home/bishesh/miniconda3/envs/demo/lib/python3.11/site-packages/pymysql/err.py", line 150, in raise_mysql_exception
    raise errorclass(errno, errval)
pymysql.err.OperationalError: (1054, "Unknown column 'logged_at' in 'order clause'")

The above exception was the direct cause of the following exception:

Traceback (most recent call last):
  File "/home/bishesh/ASHRAE-MLOPS/src/monitoring/monitor.py", line 37, in generate_html_report
    current_df = pd.read_sql(query, con=self.db_client.get_engine())
                 ^^^^^^^^^^^^^^^^^^^^^^^^^^^^^^^^^^^^^^^^^^^^^^^^^^^
  File "/home/bishesh/miniconda3/envs/demo/lib/python3.11/site-packages/pandas/io/sql.py", line 682, in read_sql
    return pandas_sql.read_query(
           ^^^^^^^^^^^^^^^^^^^^^^
  File "/home/bishesh/miniconda3/envs/demo/lib/python3.11/site-packages/pandas/io/sql.py", line 1776, in read_query
    result = self.execute(sql, params)
             ^^^^^^^^^^^^^^^^^^^^^^^^^
  File "/home/bishesh/miniconda3/envs/demo/lib/python3.11/site-packages/pandas/io/sql.py", line 1599, in execute
    return self.con.exec_driver_sql(sql, *args)
           ^^^^^^^^^^^^^^^^^^^^^^^^^^^^^^^^^^^^
  File "/home/bishesh/miniconda3/envs/demo/lib/python3.11/site-packages/sqlalchemy/engine/base.py", line 1770, in exec_driver_sql
    return self._exec_driver_sql(
           ^^^^^^^^^^^^^^^^^^^^^^
  File "/home/bishesh/miniconda3/envs/demo/lib/python3.11/site-packages/sqlalchemy/engine/base.py", line 1674, in _exec_driver_sql
    ret = self._execute_context(
          ^^^^^^^^^^^^^^^^^^^^^^
  File "/home/bishesh/miniconda3/envs/demo/lib/python3.11/site-packages/sqlalchemy/engine/base.py", line 1953, in _execute_context
    self._handle_dbapi_exception(
  File "/home/bishesh/miniconda3/envs/demo/lib/python3.11/site-packages/sqlalchemy/engine/base.py", line 2134, in _handle_dbapi_exception
    util.raise_(
  File "/home/bishesh/miniconda3/envs/demo/lib/python3.11/site-packages/sqlalchemy/util/compat.py", line 211, in raise_
    raise exception
  File "/home/bishesh/miniconda3/envs/demo/lib/python3.11/site-packages/sqlalchemy/engine/base.py", line 1910, in _execute_context
    self.dialect.do_execute(
  File "/home/bishesh/miniconda3/envs/demo/lib/python3.11/site-packages/sqlalchemy/engine/default.py", line 736, in do_execute
    cursor.execute(statement, parameters)
  File "/home/bishesh/miniconda3/envs/demo/lib/python3.11/site-packages/pymysql/cursors.py", line 153, in execute
    result = self._query(query)
             ^^^^^^^^^^^^^^^^^^
  File "/home/bishesh/miniconda3/envs/demo/lib/python3.11/site-packages/pymysql/cursors.py", line 322, in _query
    conn.query(q)
  File "/home/bishesh/miniconda3/envs/demo/lib/python3.11/site-packages/pymysql/connections.py", line 575, in query
    self._affected_rows = self._read_query_result(unbuffered=unbuffered)
                          ^^^^^^^^^^^^^^^^^^^^^^^^^^^^^^^^^^^^^^^^^^^^^^
  File "/home/bishesh/miniconda3/envs/demo/lib/python3.11/site-packages/pymysql/connections.py", line 826, in _read_query_result
    result.read()
  File "/home/bishesh/miniconda3/envs/demo/lib/python3.11/site-packages/pymysql/connections.py", line 1203, in read
    first_packet = self.connection._read_packet()
                   ^^^^^^^^^^^^^^^^^^^^^^^^^^^^^^
  File "/home/bishesh/miniconda3/envs/demo/lib/python3.11/site-packages/pymysql/connections.py", line 782, in _read_packet
    packet.raise_for_error()
  File "/home/bishesh/miniconda3/envs/demo/lib/python3.11/site-packages/pymysql/protocol.py", line 219, in raise_for_error
    err.raise_mysql_exception(self._data)
  File "/home/bishesh/miniconda3/envs/demo/lib/python3.11/site-packages/pymysql/err.py", line 150, in raise_mysql_exception
    raise errorclass(errno, errval)
sqlalchemy.exc.OperationalError: (pymysql.err.OperationalError) (1054, "Unknown column 'logged_at' in 'order clause'")
[SQL: SELECT * FROM inference_logs ORDER BY logged_at DESC LIMIT 5000]
(Background on this error at: https://sqlalche.me/e/14/e3q8)
2026-01-14 19:35:35 - FeatureEngineer - INFO - Starting Feature Engineering on joined data...
2026-01-14 19:35:35 - FeatureEngineer - INFO - Feature engineering complete. Columns: ['building_id', 'meter', 'site_id', 'primary_use', 'square_feet', 'air_temperature', 'cloud_coverage', 'dew_temperature', 'precip_depth_1_hr', 'sea_level_pressure', 'wind_direction', 'wind_speed', 'day', 'month', 'week', 'hour', 'is_weekend', 'timestamp']
2026-01-14 19:35:48 - ModelMonitor - INFO - Generating Model Health Report...
2026-01-14 19:35:48 - ModelMonitor - INFO - Running drift analysis with categorical-focused mapping...
2026-01-14 19:38:48 - FeatureEngineer - INFO - Starting Feature Engineering on joined data...
2026-01-14 19:38:49 - FeatureEngineer - INFO - Feature engineering complete. Columns: ['building_id', 'meter', 'site_id', 'primary_use', 'square_feet', 'air_temperature', 'cloud_coverage', 'dew_temperature', 'precip_depth_1_hr', 'sea_level_pressure', 'wind_direction', 'wind_speed', 'day', 'month', 'week', 'hour', 'is_weekend', 'timestamp']
2026-01-14 19:38:50 - ModelMonitor - INFO - Generating Model Health Report...
2026-01-14 19:38:50 - ModelMonitor - INFO - Running drift analysis with categorical-focused mapping...
2026-01-14 19:40:21 - FeatureEngineer - INFO - Starting Feature Engineering on joined data...
2026-01-14 19:40:21 - FeatureEngineer - INFO - Feature engineering complete. Columns: ['building_id', 'meter', 'site_id', 'primary_use', 'square_feet', 'air_temperature', 'cloud_coverage', 'dew_temperature', 'precip_depth_1_hr', 'sea_level_pressure', 'wind_direction', 'wind_speed', 'day', 'month', 'week', 'hour', 'is_weekend', 'timestamp']
2026-01-14 19:40:22 - ModelMonitor - INFO - Generating Model Health Report...
2026-01-14 19:40:22 - ModelMonitor - INFO - Running drift analysis with categorical-focused mapping...
2026-01-14 19:40:22 - ModelMonitor - ERROR - Failed to generate monitoring report: unhashable type: 'Series'
Traceback (most recent call last):
  File "/home/bishesh/ASHRAE-MLOPS/src/monitoring/monitor.py", line 82, in generate_html_report
    report.run(
  File "/home/bishesh/miniconda3/envs/demo/lib/python3.11/site-packages/evidently/report/report.py", line 96, in run
    data_definition = self._inner_suite.context.engine.get_data_definition(
                      ^^^^^^^^^^^^^^^^^^^^^^^^^^^^^^^^^^^^^^^^^^^^^^^^^^^^^
  File "/home/bishesh/miniconda3/envs/demo/lib/python3.11/site-packages/evidently/calculation_engine/python_engine.py", line 45, in get_data_definition
    return create_data_definition(reference_data, current_data, column_mapping)
           ^^^^^^^^^^^^^^^^^^^^^^^^^^^^^^^^^^^^^^^^^^^^^^^^^^^^^^^^^^^^^^^^^^^^
  File "/home/bishesh/miniconda3/envs/demo/lib/python3.11/site-packages/evidently/utils/data_preprocessing.py", line 307, in create_data_definition
    _column_not_present_in_list(
  File "/home/bishesh/miniconda3/envs/demo/lib/python3.11/site-packages/evidently/utils/data_preprocessing.py", line 249, in _column_not_present_in_list
    if column not in columns:
       ^^^^^^^^^^^^^^^^^^^^^
TypeError: unhashable type: 'Series'
2026-01-14 19:43:33 - FeatureEngineer - INFO - Starting Feature Engineering on joined data...
2026-01-14 19:43:33 - FeatureEngineer - INFO - Feature engineering complete. Columns: ['building_id', 'meter', 'site_id', 'primary_use', 'square_feet', 'air_temperature', 'cloud_coverage', 'dew_temperature', 'precip_depth_1_hr', 'sea_level_pressure', 'wind_direction', 'wind_speed', 'day', 'month', 'week', 'hour', 'is_weekend', 'timestamp']
2026-01-14 19:43:36 - FeatureEngineer - INFO - Starting Feature Engineering on joined data...
2026-01-14 19:43:36 - FeatureEngineer - INFO - Feature engineering complete. Columns: ['building_id', 'meter', 'site_id', 'primary_use', 'square_feet', 'air_temperature', 'cloud_coverage', 'dew_temperature', 'precip_depth_1_hr', 'sea_level_pressure', 'wind_direction', 'wind_speed', 'day', 'month', 'week', 'hour', 'is_weekend', 'timestamp']
2026-01-14 19:43:42 - FeatureEngineer - INFO - Starting Feature Engineering on joined data...
2026-01-14 19:43:42 - FeatureEngineer - INFO - Feature engineering complete. Columns: ['building_id', 'meter', 'site_id', 'primary_use', 'square_feet', 'air_temperature', 'cloud_coverage', 'dew_temperature', 'precip_depth_1_hr', 'sea_level_pressure', 'wind_direction', 'wind_speed', 'day', 'month', 'week', 'hour', 'is_weekend', 'timestamp']
2026-01-14 19:43:43 - ModelMonitor - INFO - Generating Model Health Report...
2026-01-14 19:43:43 - ModelMonitor - INFO - Running drift analysis with explicit mapping...
2026-01-14 19:49:14 - ModelMonitor - INFO - Generating Model Health Report...
2026-01-14 19:49:15 - ModelMonitor - INFO - Running drift analysis with categorical-focused mapping...
2026-01-14 19:53:27 - ModelMonitor - INFO - Generating Model Health Report...
2026-01-14 19:53:27 - ModelMonitor - INFO - Running drift analysis with categorical-focused mapping...
2026-01-14 19:54:08 - ModelMonitor - INFO - Generating Model Health Report...
2026-01-14 19:54:08 - ModelMonitor - ERROR - Failed to generate monitoring report: (pymysql.err.OperationalError) (1054, "Unknown column 'logged_at' in 'order clause'")
[SQL: SELECT * FROM inference_logs ORDER BY logged_at DESC LIMIT 5000]
(Background on this error at: https://sqlalche.me/e/14/e3q8)
Traceback (most recent call last):
  File "/home/bishesh/miniconda3/envs/demo/lib/python3.11/site-packages/sqlalchemy/engine/base.py", line 1910, in _execute_context
    self.dialect.do_execute(
  File "/home/bishesh/miniconda3/envs/demo/lib/python3.11/site-packages/sqlalchemy/engine/default.py", line 736, in do_execute
    cursor.execute(statement, parameters)
  File "/home/bishesh/miniconda3/envs/demo/lib/python3.11/site-packages/pymysql/cursors.py", line 153, in execute
    result = self._query(query)
             ^^^^^^^^^^^^^^^^^^
  File "/home/bishesh/miniconda3/envs/demo/lib/python3.11/site-packages/pymysql/cursors.py", line 322, in _query
    conn.query(q)
  File "/home/bishesh/miniconda3/envs/demo/lib/python3.11/site-packages/pymysql/connections.py", line 575, in query
    self._affected_rows = self._read_query_result(unbuffered=unbuffered)
                          ^^^^^^^^^^^^^^^^^^^^^^^^^^^^^^^^^^^^^^^^^^^^^^
  File "/home/bishesh/miniconda3/envs/demo/lib/python3.11/site-packages/pymysql/connections.py", line 826, in _read_query_result
    result.read()
  File "/home/bishesh/miniconda3/envs/demo/lib/python3.11/site-packages/pymysql/connections.py", line 1203, in read
    first_packet = self.connection._read_packet()
                   ^^^^^^^^^^^^^^^^^^^^^^^^^^^^^^
  File "/home/bishesh/miniconda3/envs/demo/lib/python3.11/site-packages/pymysql/connections.py", line 782, in _read_packet
    packet.raise_for_error()
  File "/home/bishesh/miniconda3/envs/demo/lib/python3.11/site-packages/pymysql/protocol.py", line 219, in raise_for_error
    err.raise_mysql_exception(self._data)
  File "/home/bishesh/miniconda3/envs/demo/lib/python3.11/site-packages/pymysql/err.py", line 150, in raise_mysql_exception
    raise errorclass(errno, errval)
pymysql.err.OperationalError: (1054, "Unknown column 'logged_at' in 'order clause'")

The above exception was the direct cause of the following exception:

Traceback (most recent call last):
  File "/home/bishesh/ASHRAE-MLOPS/src/monitoring/monitor.py", line 37, in generate_html_report
    current_df = pd.read_sql(query, con=self.db_client.get_engine())
                 ^^^^^^^^^^^^^^^^^^^^^^^^^^^^^^^^^^^^^^^^^^^^^^^^^^^
  File "/home/bishesh/miniconda3/envs/demo/lib/python3.11/site-packages/pandas/io/sql.py", line 682, in read_sql
    return pandas_sql.read_query(
           ^^^^^^^^^^^^^^^^^^^^^^
  File "/home/bishesh/miniconda3/envs/demo/lib/python3.11/site-packages/pandas/io/sql.py", line 1776, in read_query
    result = self.execute(sql, params)
             ^^^^^^^^^^^^^^^^^^^^^^^^^
  File "/home/bishesh/miniconda3/envs/demo/lib/python3.11/site-packages/pandas/io/sql.py", line 1599, in execute
    return self.con.exec_driver_sql(sql, *args)
           ^^^^^^^^^^^^^^^^^^^^^^^^^^^^^^^^^^^^
  File "/home/bishesh/miniconda3/envs/demo/lib/python3.11/site-packages/sqlalchemy/engine/base.py", line 1770, in exec_driver_sql
    return self._exec_driver_sql(
           ^^^^^^^^^^^^^^^^^^^^^^
  File "/home/bishesh/miniconda3/envs/demo/lib/python3.11/site-packages/sqlalchemy/engine/base.py", line 1674, in _exec_driver_sql
    ret = self._execute_context(
          ^^^^^^^^^^^^^^^^^^^^^^
  File "/home/bishesh/miniconda3/envs/demo/lib/python3.11/site-packages/sqlalchemy/engine/base.py", line 1953, in _execute_context
    self._handle_dbapi_exception(
  File "/home/bishesh/miniconda3/envs/demo/lib/python3.11/site-packages/sqlalchemy/engine/base.py", line 2134, in _handle_dbapi_exception
    util.raise_(
  File "/home/bishesh/miniconda3/envs/demo/lib/python3.11/site-packages/sqlalchemy/util/compat.py", line 211, in raise_
    raise exception
  File "/home/bishesh/miniconda3/envs/demo/lib/python3.11/site-packages/sqlalchemy/engine/base.py", line 1910, in _execute_context
    self.dialect.do_execute(
  File "/home/bishesh/miniconda3/envs/demo/lib/python3.11/site-packages/sqlalchemy/engine/default.py", line 736, in do_execute
    cursor.execute(statement, parameters)
  File "/home/bishesh/miniconda3/envs/demo/lib/python3.11/site-packages/pymysql/cursors.py", line 153, in execute
    result = self._query(query)
             ^^^^^^^^^^^^^^^^^^
  File "/home/bishesh/miniconda3/envs/demo/lib/python3.11/site-packages/pymysql/cursors.py", line 322, in _query
    conn.query(q)
  File "/home/bishesh/miniconda3/envs/demo/lib/python3.11/site-packages/pymysql/connections.py", line 575, in query
    self._affected_rows = self._read_query_result(unbuffered=unbuffered)
                          ^^^^^^^^^^^^^^^^^^^^^^^^^^^^^^^^^^^^^^^^^^^^^^
  File "/home/bishesh/miniconda3/envs/demo/lib/python3.11/site-packages/pymysql/connections.py", line 826, in _read_query_result
    result.read()
  File "/home/bishesh/miniconda3/envs/demo/lib/python3.11/site-packages/pymysql/connections.py", line 1203, in read
    first_packet = self.connection._read_packet()
                   ^^^^^^^^^^^^^^^^^^^^^^^^^^^^^^
  File "/home/bishesh/miniconda3/envs/demo/lib/python3.11/site-packages/pymysql/connections.py", line 782, in _read_packet
    packet.raise_for_error()
  File "/home/bishesh/miniconda3/envs/demo/lib/python3.11/site-packages/pymysql/protocol.py", line 219, in raise_for_error
    err.raise_mysql_exception(self._data)
  File "/home/bishesh/miniconda3/envs/demo/lib/python3.11/site-packages/pymysql/err.py", line 150, in raise_mysql_exception
    raise errorclass(errno, errval)
sqlalchemy.exc.OperationalError: (pymysql.err.OperationalError) (1054, "Unknown column 'logged_at' in 'order clause'")
[SQL: SELECT * FROM inference_logs ORDER BY logged_at DESC LIMIT 5000]
(Background on this error at: https://sqlalche.me/e/14/e3q8)
2026-01-14 19:54:11 - ModelMonitor - INFO - Generating Model Health Report...
2026-01-14 19:54:11 - ModelMonitor - ERROR - Failed to generate monitoring report: (pymysql.err.OperationalError) (1054, "Unknown column 'logged_at' in 'order clause'")
[SQL: SELECT * FROM inference_logs ORDER BY logged_at DESC LIMIT 5000]
(Background on this error at: https://sqlalche.me/e/14/e3q8)
Traceback (most recent call last):
  File "/home/bishesh/miniconda3/envs/demo/lib/python3.11/site-packages/sqlalchemy/engine/base.py", line 1910, in _execute_context
    self.dialect.do_execute(
  File "/home/bishesh/miniconda3/envs/demo/lib/python3.11/site-packages/sqlalchemy/engine/default.py", line 736, in do_execute
    cursor.execute(statement, parameters)
  File "/home/bishesh/miniconda3/envs/demo/lib/python3.11/site-packages/pymysql/cursors.py", line 153, in execute
    result = self._query(query)
             ^^^^^^^^^^^^^^^^^^
  File "/home/bishesh/miniconda3/envs/demo/lib/python3.11/site-packages/pymysql/cursors.py", line 322, in _query
    conn.query(q)
  File "/home/bishesh/miniconda3/envs/demo/lib/python3.11/site-packages/pymysql/connections.py", line 575, in query
    self._affected_rows = self._read_query_result(unbuffered=unbuffered)
                          ^^^^^^^^^^^^^^^^^^^^^^^^^^^^^^^^^^^^^^^^^^^^^^
  File "/home/bishesh/miniconda3/envs/demo/lib/python3.11/site-packages/pymysql/connections.py", line 826, in _read_query_result
    result.read()
  File "/home/bishesh/miniconda3/envs/demo/lib/python3.11/site-packages/pymysql/connections.py", line 1203, in read
    first_packet = self.connection._read_packet()
                   ^^^^^^^^^^^^^^^^^^^^^^^^^^^^^^
  File "/home/bishesh/miniconda3/envs/demo/lib/python3.11/site-packages/pymysql/connections.py", line 782, in _read_packet
    packet.raise_for_error()
  File "/home/bishesh/miniconda3/envs/demo/lib/python3.11/site-packages/pymysql/protocol.py", line 219, in raise_for_error
    err.raise_mysql_exception(self._data)
  File "/home/bishesh/miniconda3/envs/demo/lib/python3.11/site-packages/pymysql/err.py", line 150, in raise_mysql_exception
    raise errorclass(errno, errval)
pymysql.err.OperationalError: (1054, "Unknown column 'logged_at' in 'order clause'")

The above exception was the direct cause of the following exception:

Traceback (most recent call last):
  File "/home/bishesh/ASHRAE-MLOPS/src/monitoring/monitor.py", line 37, in generate_html_report
    current_df = pd.read_sql(query, con=self.db_client.get_engine())
                 ^^^^^^^^^^^^^^^^^^^^^^^^^^^^^^^^^^^^^^^^^^^^^^^^^^^
  File "/home/bishesh/miniconda3/envs/demo/lib/python3.11/site-packages/pandas/io/sql.py", line 682, in read_sql
    return pandas_sql.read_query(
           ^^^^^^^^^^^^^^^^^^^^^^
  File "/home/bishesh/miniconda3/envs/demo/lib/python3.11/site-packages/pandas/io/sql.py", line 1776, in read_query
    result = self.execute(sql, params)
             ^^^^^^^^^^^^^^^^^^^^^^^^^
  File "/home/bishesh/miniconda3/envs/demo/lib/python3.11/site-packages/pandas/io/sql.py", line 1599, in execute
    return self.con.exec_driver_sql(sql, *args)
           ^^^^^^^^^^^^^^^^^^^^^^^^^^^^^^^^^^^^
  File "/home/bishesh/miniconda3/envs/demo/lib/python3.11/site-packages/sqlalchemy/engine/base.py", line 1770, in exec_driver_sql
    return self._exec_driver_sql(
           ^^^^^^^^^^^^^^^^^^^^^^
  File "/home/bishesh/miniconda3/envs/demo/lib/python3.11/site-packages/sqlalchemy/engine/base.py", line 1674, in _exec_driver_sql
    ret = self._execute_context(
          ^^^^^^^^^^^^^^^^^^^^^^
  File "/home/bishesh/miniconda3/envs/demo/lib/python3.11/site-packages/sqlalchemy/engine/base.py", line 1953, in _execute_context
    self._handle_dbapi_exception(
  File "/home/bishesh/miniconda3/envs/demo/lib/python3.11/site-packages/sqlalchemy/engine/base.py", line 2134, in _handle_dbapi_exception
    util.raise_(
  File "/home/bishesh/miniconda3/envs/demo/lib/python3.11/site-packages/sqlalchemy/util/compat.py", line 211, in raise_
    raise exception
  File "/home/bishesh/miniconda3/envs/demo/lib/python3.11/site-packages/sqlalchemy/engine/base.py", line 1910, in _execute_context
    self.dialect.do_execute(
  File "/home/bishesh/miniconda3/envs/demo/lib/python3.11/site-packages/sqlalchemy/engine/default.py", line 736, in do_execute
    cursor.execute(statement, parameters)
  File "/home/bishesh/miniconda3/envs/demo/lib/python3.11/site-packages/pymysql/cursors.py", line 153, in execute
    result = self._query(query)
             ^^^^^^^^^^^^^^^^^^
  File "/home/bishesh/miniconda3/envs/demo/lib/python3.11/site-packages/pymysql/cursors.py", line 322, in _query
    conn.query(q)
  File "/home/bishesh/miniconda3/envs/demo/lib/python3.11/site-packages/pymysql/connections.py", line 575, in query
    self._affected_rows = self._read_query_result(unbuffered=unbuffered)
                          ^^^^^^^^^^^^^^^^^^^^^^^^^^^^^^^^^^^^^^^^^^^^^^
  File "/home/bishesh/miniconda3/envs/demo/lib/python3.11/site-packages/pymysql/connections.py", line 826, in _read_query_result
    result.read()
  File "/home/bishesh/miniconda3/envs/demo/lib/python3.11/site-packages/pymysql/connections.py", line 1203, in read
    first_packet = self.connection._read_packet()
                   ^^^^^^^^^^^^^^^^^^^^^^^^^^^^^^
  File "/home/bishesh/miniconda3/envs/demo/lib/python3.11/site-packages/pymysql/connections.py", line 782, in _read_packet
    packet.raise_for_error()
  File "/home/bishesh/miniconda3/envs/demo/lib/python3.11/site-packages/pymysql/protocol.py", line 219, in raise_for_error
    err.raise_mysql_exception(self._data)
  File "/home/bishesh/miniconda3/envs/demo/lib/python3.11/site-packages/pymysql/err.py", line 150, in raise_mysql_exception
    raise errorclass(errno, errval)
sqlalchemy.exc.OperationalError: (pymysql.err.OperationalError) (1054, "Unknown column 'logged_at' in 'order clause'")
[SQL: SELECT * FROM inference_logs ORDER BY logged_at DESC LIMIT 5000]
(Background on this error at: https://sqlalche.me/e/14/e3q8)
2026-01-14 19:55:52 - ModelMonitor - INFO - Generating Model Health Report...
2026-01-14 19:55:52 - ModelMonitor - INFO - Running drift analysis with categorical-focused mapping...
2026-01-14 19:57:27 - ModelMonitor - INFO - Generating Model Health Report...
2026-01-14 19:57:27 - ModelMonitor - INFO - Running drift analysis with categorical-focused mapping...
2026-01-14 19:58:36 - ModelMonitor - INFO - Generating Model Health Report...
2026-01-14 19:58:36 - ModelMonitor - INFO - Running drift analysis with categorical-focused mapping...
2026-01-14 19:59:36 - ModelMonitor - INFO - Generating Model Health Report...
2026-01-14 19:59:36 - ModelMonitor - INFO - Running drift analysis with categorical-focused mapping...
2026-01-14 20:01:05 - ModelMonitor - INFO - Generating Model Health Report...
2026-01-14 20:01:05 - ModelMonitor - INFO - Running drift analysis with categorical-focused mapping...
2026-01-14 20:02:39 - ModelMonitor - INFO - Generating Model Health Report...
2026-01-14 20:02:39 - ModelMonitor - INFO - Running drift analysis with categorical-focused mapping...
2026-01-14 20:06:41 - ModelMonitor - INFO - Generating Model Health Report...
2026-01-14 20:06:41 - ModelMonitor - INFO - Running drift analysis with categorical-focused mapping...
2026-01-14 20:10:19 - ModelMonitor - INFO - Generating Model Health Report...
2026-01-14 20:10:19 - ModelMonitor - INFO - Running drift analysis with categorical-focused mapping...
2026-01-14 20:10:19 - ModelMonitor - ERROR - Failed to generate monitoring report: Column (meter_reading) is partially present in data
Traceback (most recent call last):
  File "/home/bishesh/ASHRAE-MLOPS/src/monitoring/monitor.py", line 83, in generate_html_report
    report.run(
  File "/home/bishesh/miniconda3/envs/demo/lib/python3.11/site-packages/evidently/report/report.py", line 96, in run
    data_definition = self._inner_suite.context.engine.get_data_definition(
                      ^^^^^^^^^^^^^^^^^^^^^^^^^^^^^^^^^^^^^^^^^^^^^^^^^^^^^
  File "/home/bishesh/miniconda3/envs/demo/lib/python3.11/site-packages/evidently/calculation_engine/python_engine.py", line 45, in get_data_definition
    return create_data_definition(reference_data, current_data, column_mapping)
           ^^^^^^^^^^^^^^^^^^^^^^^^^^^^^^^^^^^^^^^^^^^^^^^^^^^^^^^^^^^^^^^^^^^^
  File "/home/bishesh/miniconda3/envs/demo/lib/python3.11/site-packages/evidently/utils/data_preprocessing.py", line 306, in create_data_definition
    target_column = _process_column(
                    ^^^^^^^^^^^^^^^^
  File "/home/bishesh/miniconda3/envs/demo/lib/python3.11/site-packages/evidently/utils/data_preprocessing.py", line 176, in _process_column
    raise ValueError(f"Column ({column_name}) is partially present in data")
ValueError: Column (meter_reading) is partially present in data
2026-01-14 20:10:22 - ModelMonitor - INFO - Generating Model Health Report...
2026-01-14 20:10:22 - ModelMonitor - INFO - Running drift analysis with categorical-focused mapping...
2026-01-14 20:10:22 - ModelMonitor - ERROR - Failed to generate monitoring report: Column (meter_reading) is partially present in data
Traceback (most recent call last):
  File "/home/bishesh/ASHRAE-MLOPS/src/monitoring/monitor.py", line 83, in generate_html_report
    report.run(
  File "/home/bishesh/miniconda3/envs/demo/lib/python3.11/site-packages/evidently/report/report.py", line 96, in run
    data_definition = self._inner_suite.context.engine.get_data_definition(
                      ^^^^^^^^^^^^^^^^^^^^^^^^^^^^^^^^^^^^^^^^^^^^^^^^^^^^^
  File "/home/bishesh/miniconda3/envs/demo/lib/python3.11/site-packages/evidently/calculation_engine/python_engine.py", line 45, in get_data_definition
    return create_data_definition(reference_data, current_data, column_mapping)
           ^^^^^^^^^^^^^^^^^^^^^^^^^^^^^^^^^^^^^^^^^^^^^^^^^^^^^^^^^^^^^^^^^^^^
  File "/home/bishesh/miniconda3/envs/demo/lib/python3.11/site-packages/evidently/utils/data_preprocessing.py", line 306, in create_data_definition
    target_column = _process_column(
                    ^^^^^^^^^^^^^^^^
  File "/home/bishesh/miniconda3/envs/demo/lib/python3.11/site-packages/evidently/utils/data_preprocessing.py", line 176, in _process_column
    raise ValueError(f"Column ({column_name}) is partially present in data")
ValueError: Column (meter_reading) is partially present in data
2026-01-14 20:12:14 - ModelMonitor - INFO - Generating Model Health Report...
2026-01-14 20:12:14 - ModelMonitor - INFO - Running drift analysis with categorical-focused mapping...
2026-01-14 20:12:14 - ModelMonitor - ERROR - Failed to generate monitoring report: Column (meter_reading) is partially present in data
Traceback (most recent call last):
  File "/home/bishesh/ASHRAE-MLOPS/src/monitoring/monitor.py", line 83, in generate_html_report
    report.run(
  File "/home/bishesh/miniconda3/envs/demo/lib/python3.11/site-packages/evidently/report/report.py", line 96, in run
    data_definition = self._inner_suite.context.engine.get_data_definition(
                      ^^^^^^^^^^^^^^^^^^^^^^^^^^^^^^^^^^^^^^^^^^^^^^^^^^^^^
  File "/home/bishesh/miniconda3/envs/demo/lib/python3.11/site-packages/evidently/calculation_engine/python_engine.py", line 45, in get_data_definition
    return create_data_definition(reference_data, current_data, column_mapping)
           ^^^^^^^^^^^^^^^^^^^^^^^^^^^^^^^^^^^^^^^^^^^^^^^^^^^^^^^^^^^^^^^^^^^^
  File "/home/bishesh/miniconda3/envs/demo/lib/python3.11/site-packages/evidently/utils/data_preprocessing.py", line 306, in create_data_definition
    target_column = _process_column(
                    ^^^^^^^^^^^^^^^^
  File "/home/bishesh/miniconda3/envs/demo/lib/python3.11/site-packages/evidently/utils/data_preprocessing.py", line 176, in _process_column
    raise ValueError(f"Column ({column_name}) is partially present in data")
ValueError: Column (meter_reading) is partially present in data
2026-01-14 20:12:19 - ModelMonitor - INFO - Generating Model Health Report...
2026-01-14 20:12:19 - ModelMonitor - INFO - Running drift analysis with categorical-focused mapping...
2026-01-14 20:12:19 - ModelMonitor - ERROR - Failed to generate monitoring report: Column (meter_reading) is partially present in data
Traceback (most recent call last):
  File "/home/bishesh/ASHRAE-MLOPS/src/monitoring/monitor.py", line 83, in generate_html_report
    report.run(
  File "/home/bishesh/miniconda3/envs/demo/lib/python3.11/site-packages/evidently/report/report.py", line 96, in run
    data_definition = self._inner_suite.context.engine.get_data_definition(
                      ^^^^^^^^^^^^^^^^^^^^^^^^^^^^^^^^^^^^^^^^^^^^^^^^^^^^^
  File "/home/bishesh/miniconda3/envs/demo/lib/python3.11/site-packages/evidently/calculation_engine/python_engine.py", line 45, in get_data_definition
    return create_data_definition(reference_data, current_data, column_mapping)
           ^^^^^^^^^^^^^^^^^^^^^^^^^^^^^^^^^^^^^^^^^^^^^^^^^^^^^^^^^^^^^^^^^^^^
  File "/home/bishesh/miniconda3/envs/demo/lib/python3.11/site-packages/evidently/utils/data_preprocessing.py", line 306, in create_data_definition
    target_column = _process_column(
                    ^^^^^^^^^^^^^^^^
  File "/home/bishesh/miniconda3/envs/demo/lib/python3.11/site-packages/evidently/utils/data_preprocessing.py", line 176, in _process_column
    raise ValueError(f"Column ({column_name}) is partially present in data")
ValueError: Column (meter_reading) is partially present in data
2026-01-14 20:12:54 - ModelMonitor - INFO - Generating Model Health Report...
2026-01-14 20:12:54 - ModelMonitor - INFO - Running drift analysis with categorical-focused mapping...
2026-01-14 20:17:25 - ModelMonitor - INFO - Generating Model Health Report...
2026-01-14 20:17:25 - ModelMonitor - INFO - Running drift analysis with categorical-focused mapping...
2026-01-14 20:17:37 - ModelMonitor - INFO - Generating Model Health Report...
2026-01-14 20:17:37 - ModelMonitor - INFO - Running drift analysis with categorical-focused mapping...
2026-01-14 20:30:30 - ModelMonitor - INFO - Generating Model Health Report...
2026-01-14 20:30:30 - ModelMonitor - INFO - Running drift analysis with categorical-focused mapping...
2026-01-14 20:47:16 - ModelMonitor - INFO - Generating Model Health Report...
2026-01-14 20:47:16 - ModelMonitor - INFO - Running drift analysis with categorical-focused mapping...
2026-01-14 20:57:47 - MainPipeline - INFO - Configuration loaded from /home/bishesh/ASHRAE-MLOPS/configs/pipeline_config.yaml
2026-01-14 20:57:47 - MainPipeline - INFO - --- STAGE: DATA INGESTION ---
2026-01-14 20:57:47 - IngestionOrchestrator - INFO - Starting Ingestion Stage...
2026-01-14 20:57:54 - IngestionOrchestrator - INFO - Direct Bulk Loading train -> fact_energy_usage
2026-01-14 20:58:22 - IngestionOrchestrator - INFO - Chunked ETL process for building -> dim_building
2026-01-14 20:58:22 - CSVIngestor - INFO - Starting chunked read for ./Raw_Data/building_metadata.csv
2026-01-14 20:58:23 - CSVIngestor - INFO - Processed batch 1 (500000 rows)...
2026-01-14 20:58:23 - IngestionOrchestrator - INFO - Chunked ETL process for weather -> dim_weather
2026-01-14 20:58:23 - CSVIngestor - INFO - Starting chunked read for ./Raw_Data/weather_train.csv
2026-01-14 20:58:23 - DataTransformer - INFO - Transforming weather data: Using column-specific imputation...
2026-01-14 20:58:23 - DataTransformer - INFO - Weather imputation complete.
2026-01-14 20:58:56 - CSVIngestor - INFO - Processed batch 1 (500000 rows)...
2026-01-14 20:58:56 - IngestionOrchestrator - INFO - --- INGESTION SUMMARY ---
2026-01-14 20:58:56 - IngestionOrchestrator - INFO - TABLE: TRAIN | ROWS: N/A (Bulk) | TIME: 28.37s
2026-01-14 20:58:56 - IngestionOrchestrator - INFO - TABLE: BUILDING | ROWS: 1449 | TIME: 0.41s
2026-01-14 20:58:56 - IngestionOrchestrator - INFO - TABLE: WEATHER | ROWS: 139773 | TIME: 33.09s
2026-01-14 20:58:56 - MainPipeline - INFO - Ingestion stage completed successfully.
2026-01-14 20:59:04 - MainPipeline - INFO - Configuration loaded from /home/bishesh/ASHRAE-MLOPS/configs/pipeline_config.yaml
2026-01-14 20:59:04 - MainPipeline - INFO - --- STAGE: DATA PREPROCESSING ---
2026-01-14 20:59:04 - DataValidator - INFO - Great Expectations Data Docs will be written to: /home/bishesh/ASHRAE-MLOPS/src/validation/great_expectations/index.html
2026-01-14 20:59:04 - RedisClient - INFO - Connected to Redis at 127.0.0.1:6379
2026-01-14 20:59:04 - PreprocessingOrchestrator - INFO - --- PREPROCESSING STAGE START ---
2026-01-14 20:59:04 - DatabaseReader - INFO - Retrieving fact_energy_usage
2026-01-14 20:59:17 - DatabaseReader - INFO - Retrieving dim_building
2026-01-14 20:59:17 - DatabaseReader - INFO - Retrieving dim_weather
2026-01-14 20:59:19 - DataValidator - INFO - Starting Data Validation Stage...
2026-01-14 20:59:25 - DataValidator - INFO - Visual Data Validation Docs generated inside validation/great_expectations/index.html
2026-01-14 20:59:25 - ASHRAETransformer - INFO - Starting High-Efficiency Processing Stage...
2026-01-14 20:59:25 - ASHRAETransformer - INFO - Memory optimization pass started. Current: 0.05 MB
2026-01-14 20:59:25 - ASHRAETransformer - INFO - Final memory: 0.01 MB (Reduced by 68.5%)
2026-01-14 20:59:25 - ASHRAETransformer - INFO - Memory optimization pass started. Current: 12.45 MB
2026-01-14 20:59:25 - ASHRAETransformer - INFO - Final memory: 4.05 MB (Reduced by 67.5%)
2026-01-14 20:59:25 - ASHRAETransformer - INFO - Memory optimization pass started. Current: 655.51 MB
2026-01-14 20:59:25 - ASHRAETransformer - INFO - Final memory: 308.47 MB (Reduced by 52.9%)
2026-01-14 20:59:25 - ASHRAETransformer - INFO - Mapping Building data...
2026-01-14 20:59:27 - ASHRAETransformer - INFO - Joining Weather data...
2026-01-14 20:59:32 - ASHRAETransformer - INFO - Cleaning up...
2026-01-14 20:59:33 - ASHRAETransformer - INFO - Memory optimization pass started. Current: 1497.08 MB
2026-01-14 20:59:35 - ASHRAETransformer - INFO - Final memory: 1151.60 MB (Reduced by 23.1%)
2026-01-14 20:59:35 - FeatureEngineer - INFO - Starting Feature Engineering on joined data...
2026-01-14 20:59:36 - FeatureEngineer - INFO - Feature engineering complete. Columns: ['building_id', 'meter', 'timestamp', 'meter_reading', 'site_id', 'primary_use', 'square_feet', 'year_built', 'air_temperature', 'cloud_coverage', 'dew_temperature', 'precip_depth_1_hr', 'sea_level_pressure', 'wind_direction', 'wind_speed', 'datetime', 'day', 'month', 'week', 'is_weekend', 'hour']
2026-01-14 20:59:36 - PreprocessingOrchestrator - INFO - Generating reference dataset for monitoring...
2026-01-14 20:59:38 - PreprocessingOrchestrator - INFO - Reference data (size: 500) saved successfully to saved_models/reference_data.parquet
2026-01-14 20:59:38 - MLPreprocessor - INFO - Starting Training Feature Engineering (In-Place)
2026-01-14 20:59:41 - MLPreprocessor - INFO - Encoding categorical: primary_use
2026-01-14 20:59:41 - MLPreprocessor - INFO - Scaling numeric: square_feet
2026-01-14 20:59:41 - MLPreprocessor - INFO - Scaling numeric: air_temperature
2026-01-14 20:59:42 - MLPreprocessor - INFO - Scaling numeric: cloud_coverage
2026-01-14 20:59:42 - MLPreprocessor - INFO - Scaling numeric: dew_temperature
2026-01-14 20:59:42 - MLPreprocessor - INFO - Scaling numeric: precip_depth_1_hr
2026-01-14 20:59:43 - MLPreprocessor - INFO - Scaling numeric: sea_level_pressure
2026-01-14 20:59:43 - MLPreprocessor - INFO - Scaling numeric: wind_direction
2026-01-14 20:59:44 - MLPreprocessor - INFO - Scaling numeric: wind_speed
2026-01-14 20:59:44 - MLPreprocessor - INFO - Scaling numeric: day
2026-01-14 20:59:44 - MLPreprocessor - INFO - Scaling numeric: month
2026-01-14 20:59:45 - MLPreprocessor - INFO - Scaling numeric: week
2026-01-14 20:59:45 - MLPreprocessor - INFO - Scaling numeric: is_weekend
2026-01-14 20:59:45 - MLPreprocessor - INFO - Scaling numeric: hour
2026-01-14 20:59:46 - MLPreprocessor - INFO - Training features ready. Total features: 17
2026-01-14 20:59:46 - PreprocessingOrchestrator - INFO - Caching split data in Redis...
2026-01-14 20:59:46 - RedisClient - INFO - Serializing DataFrame to Parquet for Redis key: ashrae_pipeline_X_train
2026-01-14 20:59:50 - RedisClient - INFO - Successfully stored 20125605 rows in Redis at key: ashrae_pipeline_X_train
2026-01-14 20:59:50 - RedisClient - INFO - Serializing DataFrame to Parquet for Redis key: ashrae_pipeline_y_train
2026-01-14 20:59:50 - RedisClient - INFO - Successfully stored 20125605 rows in Redis at key: ashrae_pipeline_y_train
2026-01-14 20:59:51 - MainPipeline - INFO - Preprocessing stage completed successfully.
2026-01-14 21:00:09 - MainPipeline - INFO - Configuration loaded from /home/bishesh/ASHRAE-MLOPS/configs/pipeline_config.yaml
2026-01-14 21:00:09 - MainPipeline - INFO - Starting Model Training...
2026-01-14 21:00:09 - RedisClient - INFO - Connected to Redis at 127.0.0.1:6379
2026-01-14 21:00:09 - TrainingOrchestrator - INFO - --- STARTING TRACKED TRAINING ---
2026-01-14 21:00:09 - RedisClient - INFO - Retrieving binary data from Redis key: ashrae_pipeline_X_train
2026-01-14 21:00:10 - RedisClient - INFO - Successfully retrieved 20125605 rows from Redis key: ashrae_pipeline_X_train
2026-01-14 21:00:10 - RedisClient - INFO - Retrieving binary data from Redis key: ashrae_pipeline_y_train
2026-01-14 21:00:11 - RedisClient - INFO - Successfully retrieved 20125605 rows from Redis key: ashrae_pipeline_y_train
2026-01-14 21:00:11 - MLflowTracker - INFO - Metadata logged to MLflow.
2026-01-14 21:00:11 - TrainingOrchestrator - INFO - --- Processing Fold 1 ---
2026-01-14 21:00:18 - MLflowTracker - INFO - Metadata logged to MLflow.
2026-01-14 21:00:18 - TrainingOrchestrator - INFO - Fold 1 RMSE: 0.4193 | R2: 0.9664
2026-01-14 21:00:18 - TrainingOrchestrator - INFO - --- Processing Fold 2 ---
2026-01-14 21:00:25 - MLflowTracker - INFO - Metadata logged to MLflow.
2026-01-14 21:00:25 - TrainingOrchestrator - INFO - Fold 2 RMSE: 0.4172 | R2: 0.9667
2026-01-14 21:00:25 - TrainingOrchestrator - INFO - --- Processing Fold 3 ---
2026-01-14 21:00:31 - MLflowTracker - INFO - Metadata logged to MLflow.
2026-01-14 21:00:31 - TrainingOrchestrator - INFO - Fold 3 RMSE: 0.4158 | R2: 0.967
2026-01-14 21:00:31 - MLflowTracker - INFO - Metadata logged to MLflow.
2026-01-14 21:00:31 - LGBMModel - INFO - Fold model saved locally at: saved_models/model.pkl
2026-01-14 21:00:32 - MLflowTracker - INFO - Artifact saved_models/model.pkl uploaded to MLflow.
2026-01-14 21:00:36 - MLflowTracker - INFO - Model logged to MLflow Registry as 'LGBM_Energy_Model'
2026-01-14 21:00:36 - TrainingOrchestrator - INFO - CV Training Complete. Average RMSE: 0.4174
2026-01-14 21:00:36 - MainPipeline - WARNING - Training stage completed successfully.
2026-01-14 21:00:43 - MainPipeline - INFO - Configuration loaded from /home/bishesh/ASHRAE-MLOPS/configs/pipeline_config.yaml
2026-01-14 21:00:43 - MainPipeline - INFO - Starting Model Evaluation (LIME)...
2026-01-14 21:00:43 - RedisClient - INFO - Connected to Redis at 127.0.0.1:6379
2026-01-14 21:00:43 - EvaluationOrchestrator - INFO - --- STARTING MODEL EVALUATION & XAI STAGE ---
2026-01-14 21:00:43 - RedisClient - INFO - Retrieving binary data from Redis key: ashrae_pipeline_X_train
2026-01-14 21:00:44 - RedisClient - INFO - Successfully retrieved 20125605 rows from Redis key: ashrae_pipeline_X_train
2026-01-14 21:00:47 - LimeExplainer - INFO - Generating LIME explanation for sample_prediction...
2026-01-14 21:00:47 - MLflowTracker - INFO - Artifact reports/evaluation/lime_sample_prediction.html uploaded to MLflow.
2026-01-14 21:00:47 - EvaluationOrchestrator - INFO - LIME explanation logged to MLflow artifacts.
2026-01-14 21:00:48 - EvaluationOrchestrator - INFO - --- EVALUATION STAGE COMPLETE ---
2026-01-14 21:00:48 - MainPipeline - WARNING - Evaluation stage completed successfully.
2026-01-14 21:00:53 - MainPipeline - INFO - Configuration loaded from /home/bishesh/ASHRAE-MLOPS/configs/pipeline_config.yaml
2026-01-14 21:00:53 - MainPipeline - INFO - Starting Model Deployment...
2026-01-14 21:00:53 - MainPipeline - INFO - Initiating Model Deployment to Docker...
2026-01-14 21:00:53 - DeploymentOrchestrator - INFO - Starting production deployment from root: /home/bishesh/ASHRAE-MLOPS
2026-01-14 21:03:46 - DeploymentOrchestrator - INFO - Deployment script output:
--------------------------------
Starting Application Containers...
--------------------------------
e9f58edd7a83   ashrae-mlops_backend    "uvicorn app.backend"   Less than a second ago   Up Less than a second                                               ashrae_backend
49478e678129   ashrae-mlops_frontend   "docker-entrypoint.s"   Less than a second ago   Up Less than a second                                               ashrae_frontend

2026-01-14 21:03:46 - DeploymentOrchestrator - INFO - Successfully deployed Backend and Frontend containers.
2026-01-14 21:03:46 - MainPipeline - INFO - Deployment completed. API: http://localhost:8000/docs | UI: http://localhost:3001
2026-01-14 21:03:46 - MainPipeline - WARNING - Deployment stage completed successfully.
2026-01-14 21:08:55 - ModelMonitor - INFO - Generating Model Health Report...
2026-01-14 21:08:55 - ModelMonitor - INFO - Running drift analysis with categorical-focused mapping...
2026-01-14 21:10:26 - ModelMonitor - INFO - Generating Model Health Report...
2026-01-14 21:10:26 - ModelMonitor - INFO - Running drift analysis with categorical-focused mapping...
2026-01-14 21:13:38 - ModelMonitor - INFO - Generating Model Health Report...
2026-01-14 21:13:38 - ModelMonitor - INFO - Running drift analysis with categorical-focused mapping...
2026-01-14 21:18:29 - ModelMonitor - INFO - Generating Model Health Report...
2026-01-14 21:18:29 - ModelMonitor - INFO - Running drift analysis with categorical-focused mapping...
2026-01-14 21:24:57 - MainPipeline - INFO - Configuration loaded from /home/bishesh/ASHRAE-MLOPS/configs/pipeline_config.yaml
2026-01-14 21:24:57 - MainPipeline - INFO - --- STAGE: DATA INGESTION ---
2026-01-14 21:24:57 - IngestionOrchestrator - INFO - Starting Ingestion Stage...
2026-01-14 21:25:01 - IngestionOrchestrator - INFO - Direct Bulk Loading train -> fact_energy_usage
2026-01-14 21:25:24 - IngestionOrchestrator - INFO - Chunked ETL process for building -> dim_building
2026-01-14 21:25:24 - CSVIngestor - INFO - Starting chunked read for ./Raw_Data/building_metadata.csv
2026-01-14 21:25:24 - CSVIngestor - INFO - Processed batch 1 (500000 rows)...
2026-01-14 21:25:24 - IngestionOrchestrator - INFO - Chunked ETL process for weather -> dim_weather
2026-01-14 21:25:24 - CSVIngestor - INFO - Starting chunked read for ./Raw_Data/weather_train.csv
2026-01-14 21:25:25 - DataTransformer - INFO - Transforming weather data: Using column-specific imputation...
2026-01-14 21:25:25 - DataTransformer - INFO - Weather imputation complete.
2026-01-14 21:25:55 - CSVIngestor - INFO - Processed batch 1 (500000 rows)...
2026-01-14 21:25:55 - IngestionOrchestrator - INFO - --- INGESTION SUMMARY ---
2026-01-14 21:25:55 - IngestionOrchestrator - INFO - TABLE: TRAIN | ROWS: N/A (Bulk) | TIME: 23.36s
2026-01-14 21:25:55 - IngestionOrchestrator - INFO - TABLE: BUILDING | ROWS: 1449 | TIME: 0.44s
2026-01-14 21:25:55 - IngestionOrchestrator - INFO - TABLE: WEATHER | ROWS: 139773 | TIME: 30.76s
2026-01-14 21:25:55 - MainPipeline - INFO - Ingestion stage completed successfully.
2026-01-14 21:26:02 - MainPipeline - INFO - Configuration loaded from /home/bishesh/ASHRAE-MLOPS/configs/pipeline_config.yaml
2026-01-14 21:26:02 - MainPipeline - INFO - --- STAGE: DATA PREPROCESSING ---
2026-01-14 21:26:02 - DataValidator - INFO - Great Expectations Data Docs will be written to: /home/bishesh/ASHRAE-MLOPS/src/validation/great_expectations/index.html
2026-01-14 21:26:02 - RedisClient - INFO - Connected to Redis at 127.0.0.1:6379
2026-01-14 21:26:02 - PreprocessingOrchestrator - INFO - --- PREPROCESSING STAGE START ---
2026-01-14 21:26:02 - DatabaseReader - INFO - Retrieving fact_energy_usage
2026-01-14 21:26:14 - DatabaseReader - INFO - Retrieving dim_building
2026-01-14 21:26:14 - DatabaseReader - INFO - Retrieving dim_weather
2026-01-14 21:26:15 - DataValidator - INFO - Starting Data Validation Stage...
2026-01-14 21:26:21 - DataValidator - INFO - Visual Data Validation Docs generated inside validation/great_expectations/index.html
2026-01-14 21:26:21 - ASHRAETransformer - INFO - Starting High-Efficiency Processing Stage...
2026-01-14 21:26:21 - ASHRAETransformer - INFO - Memory optimization pass started. Current: 0.05 MB
2026-01-14 21:26:21 - ASHRAETransformer - INFO - Final memory: 0.01 MB (Reduced by 68.5%)
2026-01-14 21:26:21 - ASHRAETransformer - INFO - Memory optimization pass started. Current: 12.45 MB
2026-01-14 21:26:21 - ASHRAETransformer - INFO - Final memory: 4.05 MB (Reduced by 67.5%)
2026-01-14 21:26:21 - ASHRAETransformer - INFO - Memory optimization pass started. Current: 655.51 MB
2026-01-14 21:26:22 - ASHRAETransformer - INFO - Final memory: 308.47 MB (Reduced by 52.9%)
2026-01-14 21:26:22 - ASHRAETransformer - INFO - Mapping Building data...
2026-01-14 21:26:23 - ASHRAETransformer - INFO - Joining Weather data...
2026-01-14 21:26:29 - ASHRAETransformer - INFO - Cleaning up...
2026-01-14 21:26:31 - ASHRAETransformer - INFO - Memory optimization pass started. Current: 1497.08 MB
2026-01-14 21:26:33 - ASHRAETransformer - INFO - Final memory: 1151.60 MB (Reduced by 23.1%)
2026-01-14 21:26:33 - FeatureEngineer - INFO - Starting Feature Engineering on joined data...
2026-01-14 21:26:34 - FeatureEngineer - INFO - Feature engineering complete. Columns: ['building_id', 'meter', 'timestamp', 'meter_reading', 'site_id', 'primary_use', 'square_feet', 'year_built', 'air_temperature', 'cloud_coverage', 'dew_temperature', 'precip_depth_1_hr', 'sea_level_pressure', 'wind_direction', 'wind_speed', 'datetime', 'day', 'month', 'week', 'is_weekend', 'hour']
2026-01-14 21:26:34 - PreprocessingOrchestrator - INFO - Generating reference dataset for monitoring...
2026-01-14 21:26:35 - PreprocessingOrchestrator - INFO - Reference data (size: 500) saved successfully to saved_models/reference_data.parquet
2026-01-14 21:26:35 - MLPreprocessor - INFO - Starting Training Feature Engineering (In-Place)
2026-01-14 21:26:38 - MLPreprocessor - INFO - Encoding categorical: primary_use
2026-01-14 21:26:39 - MLPreprocessor - INFO - Scaling numeric: square_feet
2026-01-14 21:26:39 - MLPreprocessor - INFO - Scaling numeric: air_temperature
2026-01-14 21:26:40 - MLPreprocessor - INFO - Scaling numeric: cloud_coverage
2026-01-14 21:26:40 - MLPreprocessor - INFO - Scaling numeric: dew_temperature
2026-01-14 21:26:40 - MLPreprocessor - INFO - Scaling numeric: precip_depth_1_hr
2026-01-14 21:26:41 - MLPreprocessor - INFO - Scaling numeric: sea_level_pressure
2026-01-14 21:26:41 - MLPreprocessor - INFO - Scaling numeric: wind_direction
2026-01-14 21:26:41 - MLPreprocessor - INFO - Scaling numeric: wind_speed
2026-01-14 21:26:42 - MLPreprocessor - INFO - Scaling numeric: day
2026-01-14 21:26:42 - MLPreprocessor - INFO - Scaling numeric: month
2026-01-14 21:26:43 - MLPreprocessor - INFO - Scaling numeric: week
2026-01-14 21:26:43 - MLPreprocessor - INFO - Scaling numeric: is_weekend
2026-01-14 21:26:43 - MLPreprocessor - INFO - Scaling numeric: hour
2026-01-14 21:26:44 - MLPreprocessor - INFO - Training features ready. Total features: 17
2026-01-14 21:26:44 - PreprocessingOrchestrator - INFO - Caching split data in Redis...
2026-01-14 21:26:44 - RedisClient - INFO - Serializing DataFrame to Parquet for Redis key: ashrae_pipeline_X_train
2026-01-14 21:26:47 - RedisClient - INFO - Successfully stored 20125605 rows in Redis at key: ashrae_pipeline_X_train
2026-01-14 21:26:47 - RedisClient - INFO - Serializing DataFrame to Parquet for Redis key: ashrae_pipeline_y_train
2026-01-14 21:26:48 - RedisClient - INFO - Successfully stored 20125605 rows in Redis at key: ashrae_pipeline_y_train
2026-01-14 21:26:48 - MainPipeline - INFO - Preprocessing stage completed successfully.
2026-01-14 21:27:06 - MainPipeline - INFO - Configuration loaded from /home/bishesh/ASHRAE-MLOPS/configs/pipeline_config.yaml
2026-01-14 21:27:06 - MainPipeline - INFO - Starting Model Training...
2026-01-14 21:27:06 - RedisClient - INFO - Connected to Redis at 127.0.0.1:6379
2026-01-14 21:27:07 - TrainingOrchestrator - INFO - --- STARTING TRACKED TRAINING ---
2026-01-14 21:27:07 - RedisClient - INFO - Retrieving binary data from Redis key: ashrae_pipeline_X_train
2026-01-14 21:27:08 - RedisClient - INFO - Successfully retrieved 20125605 rows from Redis key: ashrae_pipeline_X_train
2026-01-14 21:27:08 - RedisClient - INFO - Retrieving binary data from Redis key: ashrae_pipeline_y_train
2026-01-14 21:27:08 - RedisClient - INFO - Successfully retrieved 20125605 rows from Redis key: ashrae_pipeline_y_train
2026-01-14 21:27:08 - MLflowTracker - INFO - Metadata logged to MLflow.
2026-01-14 21:27:08 - TrainingOrchestrator - INFO - --- Processing Fold 1 ---
2026-01-14 21:27:15 - MLflowTracker - INFO - Metadata logged to MLflow.
2026-01-14 21:27:15 - TrainingOrchestrator - INFO - Fold 1 RMSE: 0.4355 | R2: 0.964
2026-01-14 21:27:15 - TrainingOrchestrator - INFO - --- Processing Fold 2 ---
2026-01-14 21:27:22 - MLflowTracker - INFO - Metadata logged to MLflow.
2026-01-14 21:27:22 - TrainingOrchestrator - INFO - Fold 2 RMSE: 0.4338 | R2: 0.9643
2026-01-14 21:27:22 - TrainingOrchestrator - INFO - --- Processing Fold 3 ---
2026-01-14 21:27:28 - MLflowTracker - INFO - Metadata logged to MLflow.
2026-01-14 21:27:28 - TrainingOrchestrator - INFO - Fold 3 RMSE: 0.4363 | R2: 0.9639
2026-01-14 21:27:28 - MLflowTracker - INFO - Metadata logged to MLflow.
2026-01-14 21:27:28 - LGBMModel - INFO - Fold model saved locally at: saved_models/model.pkl
2026-01-14 21:27:28 - MLflowTracker - INFO - Artifact saved_models/model.pkl uploaded to MLflow.
2026-01-14 21:27:33 - MLflowTracker - INFO - Model logged to MLflow Registry as 'LGBM_Energy_Model'
2026-01-14 21:27:33 - TrainingOrchestrator - INFO - CV Training Complete. Average RMSE: 0.4352
2026-01-14 21:27:33 - MainPipeline - WARNING - Training stage completed successfully.
2026-01-14 21:27:39 - MainPipeline - INFO - Configuration loaded from /home/bishesh/ASHRAE-MLOPS/configs/pipeline_config.yaml
2026-01-14 21:27:39 - MainPipeline - INFO - Starting Model Evaluation (LIME)...
2026-01-14 21:27:39 - RedisClient - INFO - Connected to Redis at 127.0.0.1:6379
2026-01-14 21:27:39 - EvaluationOrchestrator - INFO - --- STARTING MODEL EVALUATION & XAI STAGE ---
2026-01-14 21:27:39 - RedisClient - INFO - Retrieving binary data from Redis key: ashrae_pipeline_X_train
2026-01-14 21:27:40 - RedisClient - INFO - Successfully retrieved 20125605 rows from Redis key: ashrae_pipeline_X_train
2026-01-14 21:27:43 - LimeExplainer - INFO - Generating LIME explanation for sample_prediction...
2026-01-14 21:27:43 - MLflowTracker - INFO - Artifact reports/evaluation/lime_sample_prediction.html uploaded to MLflow.
2026-01-14 21:27:43 - EvaluationOrchestrator - INFO - LIME explanation logged to MLflow artifacts.
2026-01-14 21:27:43 - EvaluationOrchestrator - INFO - --- EVALUATION STAGE COMPLETE ---
2026-01-14 21:27:43 - MainPipeline - WARNING - Evaluation stage completed successfully.
2026-01-14 21:27:48 - MainPipeline - INFO - Configuration loaded from /home/bishesh/ASHRAE-MLOPS/configs/pipeline_config.yaml
2026-01-14 21:27:48 - MainPipeline - INFO - Starting Model Deployment...
2026-01-14 21:27:48 - MainPipeline - INFO - Initiating Model Deployment to Docker...
2026-01-14 21:27:48 - DeploymentOrchestrator - INFO - Starting production deployment from root: /home/bishesh/ASHRAE-MLOPS
2026-01-14 21:30:14 - DeploymentOrchestrator - INFO - Deployment script output:
--------------------------------
Starting Application Containers...
--------------------------------
1d657633fd6c   ashrae-mlops_frontend   "docker-entrypoint.s"   1 second ago    Up Less than a second                                               ashrae_frontend
be7c49850317   ashrae-mlops_backend    "uvicorn app.backend"   1 second ago    Up Less than a second                                               ashrae_backend

2026-01-14 21:30:14 - DeploymentOrchestrator - INFO - Successfully deployed Backend and Frontend containers.
2026-01-14 21:30:14 - MainPipeline - INFO - Deployment completed. API: http://localhost:8000/docs | UI: http://localhost:3001
2026-01-14 21:30:14 - MainPipeline - WARNING - Deployment stage completed successfully.
